Dec 17, 2012 12:31:42 PM org.apache.catalina.core.AprLifecycleListener init
INFO: The APR based Apache Tomcat Native library which allows optimal performance in production environments was not found on the java.library.path: /usr/lib/jvm/java-6-openjdk-i386/jre/lib/i386/server:/usr/lib/jvm/java-6-openjdk-i386/jre/lib/i386:/usr/lib/jvm/java-6-openjdk-i386/jre/../lib/i386:/usr/java/packages/lib/i386:/usr/lib/i386-linux-gnu/jni:/lib/i386-linux-gnu:/usr/lib/i386-linux-gnu:/usr/lib/jni:/lib:/usr/lib
Dec 17, 2012 12:31:43 PM org.apache.coyote.http11.Http11Protocol init
INFO: Initializing Coyote HTTP/1.1 on http-8080
Dec 17, 2012 12:31:43 PM org.apache.catalina.startup.Catalina load
INFO: Initialization processed in 1881 ms
Dec 17, 2012 12:31:43 PM org.apache.catalina.core.StandardService start
INFO: Starting service Catalina
Dec 17, 2012 12:31:43 PM org.apache.catalina.core.StandardEngine start
INFO: Starting Servlet Engine: Apache Tomcat/6.0.36
Dec 17, 2012 12:31:43 PM org.apache.catalina.startup.HostConfig deployDirectory
INFO: Deploying web application directory docs
Dec 17, 2012 12:31:43 PM org.apache.catalina.startup.HostConfig deployDirectory
INFO: Deploying web application directory ROOT
Dec 17, 2012 12:31:43 PM org.apache.catalina.startup.HostConfig deployDirectory
INFO: Deploying web application directory guacamole
Dec 17, 2012 12:31:43 PM org.slf4j.impl.JCLLoggerAdapter info
INFO: WebSocket support not found.
Dec 17, 2012 12:31:43 PM org.apache.catalina.startup.HostConfig deployDirectory
INFO: Deploying web application directory manager
Dec 17, 2012 12:31:44 PM org.apache.catalina.startup.HostConfig deployDirectory
INFO: Deploying web application directory examples
Dec 17, 2012 12:31:44 PM org.apache.catalina.startup.HostConfig deployDirectory
INFO: Deploying web application directory host-manager
Dec 17, 2012 12:31:44 PM org.apache.coyote.http11.Http11Protocol start
INFO: Starting Coyote HTTP/1.1 on http-8080
Dec 17, 2012 12:31:44 PM org.apache.jk.common.ChannelSocket init
INFO: JK: ajp13 listening on /0.0.0.0:8009
Dec 17, 2012 12:31:44 PM org.apache.jk.server.JkMain start
INFO: Jk running ID=0 time=0/86  config=null
Dec 17, 2012 12:31:44 PM org.apache.catalina.startup.Catalina start
INFO: Server startup in 1514 ms
Dec 17, 2012 12:34:33 PM org.apache.coyote.http11.Http11Protocol pause
INFO: Pausing Coyote HTTP/1.1 on http-8080
Dec 17, 2012 12:34:34 PM org.apache.catalina.core.StandardService stop
INFO: Stopping service Catalina
Dec 17, 2012 12:34:34 PM org.apache.coyote.http11.Http11Protocol destroy
INFO: Stopping Coyote HTTP/1.1 on http-8080
Dec 17, 2012 12:34:40 PM org.apache.catalina.core.AprLifecycleListener init
INFO: The APR based Apache Tomcat Native library which allows optimal performance in production environments was not found on the java.library.path: /usr/lib/jvm/java-6-openjdk-i386/jre/lib/i386/server:/usr/lib/jvm/java-6-openjdk-i386/jre/lib/i386:/usr/lib/jvm/java-6-openjdk-i386/jre/../lib/i386:/usr/java/packages/lib/i386:/usr/lib/i386-linux-gnu/jni:/lib/i386-linux-gnu:/usr/lib/i386-linux-gnu:/usr/lib/jni:/lib:/usr/lib
Dec 17, 2012 12:34:40 PM org.apache.coyote.http11.Http11Protocol init
INFO: Initializing Coyote HTTP/1.1 on http-8080
Dec 17, 2012 12:34:40 PM org.apache.catalina.startup.Catalina load
INFO: Initialization processed in 1033 ms
Dec 17, 2012 12:34:40 PM org.apache.catalina.core.StandardService start
INFO: Starting service Catalina
Dec 17, 2012 12:34:40 PM org.apache.catalina.core.StandardEngine start
INFO: Starting Servlet Engine: Apache Tomcat/6.0.36
Dec 17, 2012 12:34:40 PM org.apache.catalina.startup.HostConfig deployDescriptor
INFO: Deploying configuration descriptor manager.xml
Dec 17, 2012 12:34:41 PM org.apache.catalina.startup.HostConfig deployDescriptor
INFO: Deploying configuration descriptor guacamole.xml
Dec 17, 2012 12:34:41 PM org.slf4j.impl.JCLLoggerAdapter info
INFO: WebSocket support not found.
Dec 17, 2012 12:34:41 PM org.apache.catalina.startup.HostConfig deployDescriptor
INFO: Deploying configuration descriptor host-manager.xml
Dec 17, 2012 12:34:41 PM org.apache.catalina.startup.HostConfig deployDirectory
INFO: Deploying web application directory docs
Dec 17, 2012 12:34:41 PM org.apache.catalina.startup.HostConfig deployDirectory
INFO: Deploying web application directory ROOT
Dec 17, 2012 12:34:41 PM org.apache.catalina.startup.HostConfig deployDirectory
INFO: Deploying web application directory examples
Dec 17, 2012 12:34:42 PM org.apache.coyote.http11.Http11Protocol start
INFO: Starting Coyote HTTP/1.1 on http-8080
Dec 17, 2012 12:34:42 PM org.apache.jk.common.ChannelSocket init
INFO: JK: ajp13 listening on /0.0.0.0:8009
Dec 17, 2012 12:34:42 PM org.apache.jk.server.JkMain start
INFO: Jk running ID=0 time=0/101  config=null
Dec 17, 2012 12:34:42 PM org.apache.catalina.startup.Catalina start
INFO: Server startup in 1598 ms
Dec 17, 2012 12:34:42 PM org.slf4j.impl.JCLLoggerAdapter warn
WARNING: Authentication attempt from 127.0.0.1 for user "null" failed.
Dec 17, 2012 12:34:49 PM org.slf4j.impl.JCLLoggerAdapter info
INFO: Status 401
Dec 17, 2012 12:34:49 PM org.slf4j.impl.JCLLoggerAdapter warn
WARNING: Authentication attempt from 127.0.0.1 for user "asd" failed.
Dec 17, 2012 12:37:52 PM org.apache.catalina.startup.HostConfig checkResources
INFO: Undeploying context []
Dec 17, 2012 12:37:52 PM org.apache.catalina.loader.WebappClassLoader clearReferencesJdbc
WARNING: JDBC driver de-registration failed for web application []
java.lang.NullPointerException
	at org.apache.catalina.loader.WebappClassLoader.clearReferencesJdbc(WebappClassLoader.java:1979)
	at org.apache.catalina.loader.WebappClassLoader.clearReferences(WebappClassLoader.java:1915)
	at org.apache.catalina.loader.WebappClassLoader.stop(WebappClassLoader.java:1833)
	at org.apache.catalina.loader.WebappLoader.stop(WebappLoader.java:740)
	at org.apache.catalina.core.StandardContext.stop(StandardContext.java:4920)
	at org.apache.catalina.core.ContainerBase.removeChild(ContainerBase.java:936)
	at org.apache.catalina.startup.HostConfig.checkResources(HostConfig.java:1212)
	at org.apache.catalina.startup.HostConfig.check(HostConfig.java:1382)
	at org.apache.catalina.startup.HostConfig.lifecycleEvent(HostConfig.java:306)
	at org.apache.catalina.util.LifecycleSupport.fireLifecycleEvent(LifecycleSupport.java:142)
	at org.apache.catalina.core.ContainerBase.backgroundProcess(ContainerBase.java:1389)
	at org.apache.catalina.core.ContainerBase$ContainerBackgroundProcessor.processChildren(ContainerBase.java:1653)
	at org.apache.catalina.core.ContainerBase$ContainerBackgroundProcessor.processChildren(ContainerBase.java:1662)
	at org.apache.catalina.core.ContainerBase$ContainerBackgroundProcessor.run(ContainerBase.java:1642)
	at java.lang.Thread.run(Thread.java:679)
Dec 17, 2012 12:37:53 PM org.apache.catalina.startup.HostConfig checkResources
INFO: Undeploying context [/manager]
Dec 17, 2012 12:37:53 PM org.apache.catalina.loader.WebappClassLoader clearReferencesJdbc
WARNING: JDBC driver de-registration failed for web application [/manager]
java.lang.NullPointerException
	at org.apache.catalina.loader.WebappClassLoader.clearReferencesJdbc(WebappClassLoader.java:1979)
	at org.apache.catalina.loader.WebappClassLoader.clearReferences(WebappClassLoader.java:1915)
	at org.apache.catalina.loader.WebappClassLoader.stop(WebappClassLoader.java:1833)
	at org.apache.catalina.loader.WebappLoader.stop(WebappLoader.java:740)
	at org.apache.catalina.core.StandardContext.stop(StandardContext.java:4920)
	at org.apache.catalina.core.ContainerBase.removeChild(ContainerBase.java:936)
	at org.apache.catalina.startup.HostConfig.checkResources(HostConfig.java:1212)
	at org.apache.catalina.startup.HostConfig.check(HostConfig.java:1382)
	at org.apache.catalina.startup.HostConfig.lifecycleEvent(HostConfig.java:306)
	at org.apache.catalina.util.LifecycleSupport.fireLifecycleEvent(LifecycleSupport.java:142)
	at org.apache.catalina.core.ContainerBase.backgroundProcess(ContainerBase.java:1389)
	at org.apache.catalina.core.ContainerBase$ContainerBackgroundProcessor.processChildren(ContainerBase.java:1653)
	at org.apache.catalina.core.ContainerBase$ContainerBackgroundProcessor.processChildren(ContainerBase.java:1662)
	at org.apache.catalina.core.ContainerBase$ContainerBackgroundProcessor.run(ContainerBase.java:1642)
	at java.lang.Thread.run(Thread.java:679)
Dec 17, 2012 12:37:53 PM org.apache.catalina.startup.HostConfig checkResources
INFO: Undeploying context [/docs]
Dec 17, 2012 12:37:53 PM org.apache.catalina.loader.WebappClassLoader clearReferencesJdbc
WARNING: JDBC driver de-registration failed for web application [/docs]
java.lang.NullPointerException
	at org.apache.catalina.loader.WebappClassLoader.clearReferencesJdbc(WebappClassLoader.java:1979)
	at org.apache.catalina.loader.WebappClassLoader.clearReferences(WebappClassLoader.java:1915)
	at org.apache.catalina.loader.WebappClassLoader.stop(WebappClassLoader.java:1833)
	at org.apache.catalina.loader.WebappLoader.stop(WebappLoader.java:740)
	at org.apache.catalina.core.StandardContext.stop(StandardContext.java:4920)
	at org.apache.catalina.core.ContainerBase.removeChild(ContainerBase.java:936)
	at org.apache.catalina.startup.HostConfig.checkResources(HostConfig.java:1212)
	at org.apache.catalina.startup.HostConfig.check(HostConfig.java:1382)
	at org.apache.catalina.startup.HostConfig.lifecycleEvent(HostConfig.java:306)
	at org.apache.catalina.util.LifecycleSupport.fireLifecycleEvent(LifecycleSupport.java:142)
	at org.apache.catalina.core.ContainerBase.backgroundProcess(ContainerBase.java:1389)
	at org.apache.catalina.core.ContainerBase$ContainerBackgroundProcessor.processChildren(ContainerBase.java:1653)
	at org.apache.catalina.core.ContainerBase$ContainerBackgroundProcessor.processChildren(ContainerBase.java:1662)
	at org.apache.catalina.core.ContainerBase$ContainerBackgroundProcessor.run(ContainerBase.java:1642)
	at java.lang.Thread.run(Thread.java:679)
Dec 17, 2012 12:37:54 PM org.apache.catalina.startup.HostConfig checkResources
INFO: Undeploying context [/examples]
Dec 17, 2012 12:37:54 PM org.apache.catalina.loader.WebappClassLoader clearReferencesJdbc
WARNING: JDBC driver de-registration failed for web application [/examples]
java.lang.NullPointerException
	at org.apache.catalina.loader.WebappClassLoader.clearReferencesJdbc(WebappClassLoader.java:1979)
	at org.apache.catalina.loader.WebappClassLoader.clearReferences(WebappClassLoader.java:1915)
	at org.apache.catalina.loader.WebappClassLoader.stop(WebappClassLoader.java:1833)
	at org.apache.catalina.loader.WebappLoader.stop(WebappLoader.java:740)
	at org.apache.catalina.core.StandardContext.stop(StandardContext.java:4920)
	at org.apache.catalina.core.ContainerBase.removeChild(ContainerBase.java:936)
	at org.apache.catalina.startup.HostConfig.checkResources(HostConfig.java:1212)
	at org.apache.catalina.startup.HostConfig.check(HostConfig.java:1382)
	at org.apache.catalina.startup.HostConfig.lifecycleEvent(HostConfig.java:306)
	at org.apache.catalina.util.LifecycleSupport.fireLifecycleEvent(LifecycleSupport.java:142)
	at org.apache.catalina.core.ContainerBase.backgroundProcess(ContainerBase.java:1389)
	at org.apache.catalina.core.ContainerBase$ContainerBackgroundProcessor.processChildren(ContainerBase.java:1653)
	at org.apache.catalina.core.ContainerBase$ContainerBackgroundProcessor.processChildren(ContainerBase.java:1662)
	at org.apache.catalina.core.ContainerBase$ContainerBackgroundProcessor.run(ContainerBase.java:1642)
	at java.lang.Thread.run(Thread.java:679)
Dec 17, 2012 12:37:54 PM org.apache.catalina.startup.HostConfig checkResources
INFO: Undeploying context [/host-manager]
Dec 17, 2012 12:37:54 PM org.apache.catalina.loader.WebappClassLoader clearReferencesJdbc
WARNING: JDBC driver de-registration failed for web application [/host-manager]
java.lang.NullPointerException
	at org.apache.catalina.loader.WebappClassLoader.clearReferencesJdbc(WebappClassLoader.java:1979)
	at org.apache.catalina.loader.WebappClassLoader.clearReferences(WebappClassLoader.java:1915)
	at org.apache.catalina.loader.WebappClassLoader.stop(WebappClassLoader.java:1833)
	at org.apache.catalina.loader.WebappLoader.stop(WebappLoader.java:740)
	at org.apache.catalina.core.StandardContext.stop(StandardContext.java:4920)
	at org.apache.catalina.core.ContainerBase.removeChild(ContainerBase.java:936)
	at org.apache.catalina.startup.HostConfig.checkResources(HostConfig.java:1212)
	at org.apache.catalina.startup.HostConfig.check(HostConfig.java:1382)
	at org.apache.catalina.startup.HostConfig.lifecycleEvent(HostConfig.java:306)
	at org.apache.catalina.util.LifecycleSupport.fireLifecycleEvent(LifecycleSupport.java:142)
	at org.apache.catalina.core.ContainerBase.backgroundProcess(ContainerBase.java:1389)
	at org.apache.catalina.core.ContainerBase$ContainerBackgroundProcessor.processChildren(ContainerBase.java:1653)
	at org.apache.catalina.core.ContainerBase$ContainerBackgroundProcessor.processChildren(ContainerBase.java:1662)
	at org.apache.catalina.core.ContainerBase$ContainerBackgroundProcessor.run(ContainerBase.java:1642)
	at java.lang.Thread.run(Thread.java:679)
Dec 17, 2012 12:37:55 PM org.apache.catalina.startup.HostConfig checkResources
INFO: Undeploying context [/guacamole]
Dec 17, 2012 12:37:55 PM org.apache.catalina.session.StandardManager doUnload
SEVERE: IOException while saving persisted sessions: java.io.FileNotFoundException: /home/andrei/Temp/apache-tomcat-6.0.36/work/Catalina/localhost/guacamole/SESSIONS.ser (No such file or directory)
java.io.FileNotFoundException: /home/andrei/Temp/apache-tomcat-6.0.36/work/Catalina/localhost/guacamole/SESSIONS.ser (No such file or directory)
	at java.io.FileOutputStream.open(Native Method)
	at java.io.FileOutputStream.<init>(FileOutputStream.java:209)
	at java.io.FileOutputStream.<init>(FileOutputStream.java:99)
	at org.apache.catalina.session.StandardManager.doUnload(StandardManager.java:501)
	at org.apache.catalina.session.StandardManager.unload(StandardManager.java:470)
	at org.apache.catalina.session.StandardManager.stop(StandardManager.java:679)
	at org.apache.catalina.core.StandardContext.stop(StandardContext.java:4882)
	at org.apache.catalina.core.ContainerBase.removeChild(ContainerBase.java:936)
	at org.apache.catalina.startup.HostConfig.checkResources(HostConfig.java:1212)
	at org.apache.catalina.startup.HostConfig.check(HostConfig.java:1382)
	at org.apache.catalina.startup.HostConfig.lifecycleEvent(HostConfig.java:306)
	at org.apache.catalina.util.LifecycleSupport.fireLifecycleEvent(LifecycleSupport.java:142)
	at org.apache.catalina.core.ContainerBase.backgroundProcess(ContainerBase.java:1389)
	at org.apache.catalina.core.ContainerBase$ContainerBackgroundProcessor.processChildren(ContainerBase.java:1653)
	at org.apache.catalina.core.ContainerBase$ContainerBackgroundProcessor.processChildren(ContainerBase.java:1662)
	at org.apache.catalina.core.ContainerBase$ContainerBackgroundProcessor.run(ContainerBase.java:1642)
	at java.lang.Thread.run(Thread.java:679)
Dec 17, 2012 12:37:55 PM org.apache.catalina.session.StandardManager stop
SEVERE: Exception unloading sessions to persistent storage
java.io.FileNotFoundException: /home/andrei/Temp/apache-tomcat-6.0.36/work/Catalina/localhost/guacamole/SESSIONS.ser (No such file or directory)
	at java.io.FileOutputStream.open(Native Method)
	at java.io.FileOutputStream.<init>(FileOutputStream.java:209)
	at java.io.FileOutputStream.<init>(FileOutputStream.java:99)
	at org.apache.catalina.session.StandardManager.doUnload(StandardManager.java:501)
	at org.apache.catalina.session.StandardManager.unload(StandardManager.java:470)
	at org.apache.catalina.session.StandardManager.stop(StandardManager.java:679)
	at org.apache.catalina.core.StandardContext.stop(StandardContext.java:4882)
	at org.apache.catalina.core.ContainerBase.removeChild(ContainerBase.java:936)
	at org.apache.catalina.startup.HostConfig.checkResources(HostConfig.java:1212)
	at org.apache.catalina.startup.HostConfig.check(HostConfig.java:1382)
	at org.apache.catalina.startup.HostConfig.lifecycleEvent(HostConfig.java:306)
	at org.apache.catalina.util.LifecycleSupport.fireLifecycleEvent(LifecycleSupport.java:142)
	at org.apache.catalina.core.ContainerBase.backgroundProcess(ContainerBase.java:1389)
	at org.apache.catalina.core.ContainerBase$ContainerBackgroundProcessor.processChildren(ContainerBase.java:1653)
	at org.apache.catalina.core.ContainerBase$ContainerBackgroundProcessor.processChildren(ContainerBase.java:1662)
	at org.apache.catalina.core.ContainerBase$ContainerBackgroundProcessor.run(ContainerBase.java:1642)
	at java.lang.Thread.run(Thread.java:679)
Dec 17, 2012 12:37:55 PM org.apache.catalina.loader.WebappClassLoader clearReferencesJdbc
WARNING: JDBC driver de-registration failed for web application [/guacamole]
java.lang.NullPointerException
	at org.apache.catalina.loader.WebappClassLoader.clearReferencesJdbc(WebappClassLoader.java:1979)
	at org.apache.catalina.loader.WebappClassLoader.clearReferences(WebappClassLoader.java:1915)
	at org.apache.catalina.loader.WebappClassLoader.stop(WebappClassLoader.java:1833)
	at org.apache.catalina.loader.WebappLoader.stop(WebappLoader.java:740)
	at org.apache.catalina.core.StandardContext.stop(StandardContext.java:4920)
	at org.apache.catalina.core.ContainerBase.removeChild(ContainerBase.java:936)
	at org.apache.catalina.startup.HostConfig.checkResources(HostConfig.java:1212)
	at org.apache.catalina.startup.HostConfig.check(HostConfig.java:1382)
	at org.apache.catalina.startup.HostConfig.lifecycleEvent(HostConfig.java:306)
	at org.apache.catalina.util.LifecycleSupport.fireLifecycleEvent(LifecycleSupport.java:142)
	at org.apache.catalina.core.ContainerBase.backgroundProcess(ContainerBase.java:1389)
	at org.apache.catalina.core.ContainerBase$ContainerBackgroundProcessor.processChildren(ContainerBase.java:1653)
	at org.apache.catalina.core.ContainerBase$ContainerBackgroundProcessor.processChildren(ContainerBase.java:1662)
	at org.apache.catalina.core.ContainerBase$ContainerBackgroundProcessor.run(ContainerBase.java:1642)
	at java.lang.Thread.run(Thread.java:679)
Dec 18, 2012 10:49:41 AM org.apache.coyote.http11.Http11Protocol pause
INFO: Pausing Coyote HTTP/1.1 on http-8080
Dec 18, 2012 10:49:42 AM org.apache.catalina.core.StandardService stop
INFO: Stopping service Catalina
Dec 18, 2012 10:49:42 AM org.apache.coyote.http11.Http11Protocol destroy
INFO: Stopping Coyote HTTP/1.1 on http-8080
Dec 18, 2012 3:45:34 PM org.apache.catalina.core.AprLifecycleListener init
INFO: The APR based Apache Tomcat Native library which allows optimal performance in production environments was not found on the java.library.path: /usr/lib/jvm/java-6-openjdk-i386/jre/lib/i386/server:/usr/lib/jvm/java-6-openjdk-i386/jre/lib/i386:/usr/lib/jvm/java-6-openjdk-i386/jre/../lib/i386:/usr/java/packages/lib/i386:/usr/lib/i386-linux-gnu/jni:/lib/i386-linux-gnu:/usr/lib/i386-linux-gnu:/usr/lib/jni:/lib:/usr/lib
Dec 18, 2012 3:45:35 PM org.apache.coyote.http11.Http11Protocol init
INFO: Initializing Coyote HTTP/1.1 on http-8080
Dec 18, 2012 3:45:35 PM org.apache.catalina.startup.Catalina load
INFO: Initialization processed in 1206 ms
Dec 18, 2012 3:45:35 PM org.apache.catalina.core.StandardService start
INFO: Starting service Catalina
Dec 18, 2012 3:45:35 PM org.apache.catalina.core.StandardEngine start
INFO: Starting Servlet Engine: Apache Tomcat/6.0.36
Dec 18, 2012 3:45:35 PM org.apache.catalina.startup.HostConfig deployDescriptor
INFO: Deploying configuration descriptor manager.xml
Dec 18, 2012 3:45:36 PM org.apache.catalina.startup.HostConfig deployDescriptor
INFO: Deploying configuration descriptor guacamole.xml
Dec 18, 2012 3:45:36 PM org.slf4j.impl.JCLLoggerAdapter info
INFO: WebSocket support not found.
Dec 18, 2012 3:45:36 PM org.apache.catalina.startup.HostConfig deployDescriptor
INFO: Deploying configuration descriptor host-manager.xml
Dec 18, 2012 3:45:36 PM org.apache.catalina.startup.HostConfig deployDirectory
INFO: Deploying web application directory docs
Dec 18, 2012 3:45:36 PM org.apache.catalina.startup.HostConfig deployDirectory
INFO: Deploying web application directory ROOT
Dec 18, 2012 3:45:37 PM org.apache.catalina.startup.HostConfig deployDirectory
INFO: Deploying web application directory examples
Dec 18, 2012 3:45:37 PM org.apache.coyote.http11.Http11Protocol start
INFO: Starting Coyote HTTP/1.1 on http-8080
Dec 18, 2012 3:45:37 PM org.apache.jk.common.ChannelSocket init
INFO: JK: ajp13 listening on /0.0.0.0:8009
Dec 18, 2012 3:45:37 PM org.apache.jk.server.JkMain start
INFO: Jk running ID=0 time=0/117  config=null
Dec 18, 2012 3:45:37 PM org.apache.catalina.startup.Catalina start
INFO: Server startup in 2319 ms
Dec 18, 2012 3:49:33 PM org.slf4j.impl.JCLLoggerAdapter warn
WARNING: Authentication attempt from 127.0.0.1 for user "null" failed.
Dec 18, 2012 3:49:41 PM org.slf4j.impl.JCLLoggerAdapter info
INFO: Username:jora@nebulent.com
Dec 18, 2012 3:49:41 PM org.slf4j.impl.JCLLoggerAdapter info
INFO: Name:ec2-54-242-198-107.compute-1.amazonaws.com
Dec 18, 2012 3:49:41 PM org.slf4j.impl.JCLLoggerAdapter info
INFO: Host:ec2-54-242-198-107.compute-1.amazonaws.com
Dec 18, 2012 3:49:41 PM org.slf4j.impl.JCLLoggerAdapter info
INFO: Protocol:vnc
Dec 18, 2012 3:49:41 PM org.slf4j.impl.JCLLoggerAdapter info
INFO: Port:5900
Dec 18, 2012 3:49:41 PM org.slf4j.impl.JCLLoggerAdapter info
INFO: Name:ec2-23-22-100-199.compute-1.amazonaws.com
Dec 18, 2012 3:49:41 PM org.slf4j.impl.JCLLoggerAdapter info
INFO: Host:ec2-23-22-100-199.compute-1.amazonaws.com
Dec 18, 2012 3:49:41 PM org.slf4j.impl.JCLLoggerAdapter info
INFO: Protocol:rdp
Dec 18, 2012 3:49:41 PM org.slf4j.impl.JCLLoggerAdapter info
INFO: Port:3389
Dec 18, 2012 3:49:41 PM org.slf4j.impl.JCLLoggerAdapter info
INFO: User "jora@nebulent.com" successfully authenticated from 127.0.0.1.
Dec 18, 2012 3:49:41 PM org.slf4j.impl.JCLLoggerAdapter info
INFO: Login was successful.
Dec 18, 2012 3:49:59 PM org.slf4j.impl.JCLLoggerAdapter info
INFO: Successful connection from 127.0.0.1 to "ec2-23-22-100-199.compute-1.amazonaws.com".
Dec 18, 2012 3:49:59 PM org.slf4j.impl.JCLLoggerAdapter error
SEVERE: Server error in tunnel
net.sourceforge.guacamole.GuacamoleServerException: java.net.ConnectException: Connection refused
	at net.sourceforge.guacamole.net.InetGuacamoleSocket.<init>(InetGuacamoleSocket.java:109)
	at net.sourceforge.guacamole.net.basic.BasicGuacamoleTunnelServlet$1.doConnect(BasicGuacamoleTunnelServlet.java:215)
	at net.sourceforge.guacamole.servlet.GuacamoleHTTPTunnelServlet.handleTunnelRequest(GuacamoleHTTPTunnelServlet.java:149)
	at net.sourceforge.guacamole.servlet.GuacamoleHTTPTunnelServlet.doPost(GuacamoleHTTPTunnelServlet.java:94)
	at javax.servlet.http.HttpServlet.service(HttpServlet.java:637)
	at javax.servlet.http.HttpServlet.service(HttpServlet.java:717)
	at net.sourceforge.guacamole.net.basic.BasicGuacamoleTunnelServlet.authenticatedService(BasicGuacamoleTunnelServlet.java:65)
	at net.sourceforge.guacamole.net.basic.AuthenticatingHttpServlet.service(AuthenticatingHttpServlet.java:283)
	at javax.servlet.http.HttpServlet.service(HttpServlet.java:717)
	at org.apache.catalina.core.ApplicationFilterChain.internalDoFilter(ApplicationFilterChain.java:290)
	at org.apache.catalina.core.ApplicationFilterChain.doFilter(ApplicationFilterChain.java:206)
	at org.apache.catalina.core.StandardWrapperValve.invoke(StandardWrapperValve.java:233)
	at org.apache.catalina.core.StandardContextValve.invoke(StandardContextValve.java:191)
	at org.apache.catalina.core.StandardHostValve.invoke(StandardHostValve.java:127)
	at org.apache.catalina.valves.ErrorReportValve.invoke(ErrorReportValve.java:103)
	at org.apache.catalina.core.StandardEngineValve.invoke(StandardEngineValve.java:109)
	at org.apache.catalina.connector.CoyoteAdapter.service(CoyoteAdapter.java:293)
	at org.apache.coyote.http11.Http11Processor.process(Http11Processor.java:861)
	at org.apache.coyote.http11.Http11Protocol$Http11ConnectionHandler.process(Http11Protocol.java:606)
	at org.apache.tomcat.util.net.JIoEndpoint$Worker.run(JIoEndpoint.java:489)
	at java.lang.Thread.run(Thread.java:679)
Caused by: java.net.ConnectException: Connection refused
	at java.net.PlainSocketImpl.socketConnect(Native Method)
	at java.net.AbstractPlainSocketImpl.doConnect(AbstractPlainSocketImpl.java:327)
	at java.net.AbstractPlainSocketImpl.connectToAddress(AbstractPlainSocketImpl.java:193)
	at java.net.AbstractPlainSocketImpl.connect(AbstractPlainSocketImpl.java:180)
	at java.net.SocksSocketImpl.connect(SocksSocketImpl.java:384)
	at java.net.Socket.connect(Socket.java:546)
	at net.sourceforge.guacamole.net.InetGuacamoleSocket.<init>(InetGuacamoleSocket.java:98)
	... 20 more
Dec 18, 2012 3:50:11 PM org.slf4j.impl.JCLLoggerAdapter info
INFO: Successful connection from 127.0.0.1 to "ec2-23-22-100-199.compute-1.amazonaws.com".
Dec 18, 2012 3:50:11 PM org.slf4j.impl.JCLLoggerAdapter error
SEVERE: Server error in tunnel
net.sourceforge.guacamole.GuacamoleServerException: java.net.ConnectException: Connection refused
	at net.sourceforge.guacamole.net.InetGuacamoleSocket.<init>(InetGuacamoleSocket.java:109)
	at net.sourceforge.guacamole.net.basic.BasicGuacamoleTunnelServlet$1.doConnect(BasicGuacamoleTunnelServlet.java:215)
	at net.sourceforge.guacamole.servlet.GuacamoleHTTPTunnelServlet.handleTunnelRequest(GuacamoleHTTPTunnelServlet.java:149)
	at net.sourceforge.guacamole.servlet.GuacamoleHTTPTunnelServlet.doPost(GuacamoleHTTPTunnelServlet.java:94)
	at javax.servlet.http.HttpServlet.service(HttpServlet.java:637)
	at javax.servlet.http.HttpServlet.service(HttpServlet.java:717)
	at net.sourceforge.guacamole.net.basic.BasicGuacamoleTunnelServlet.authenticatedService(BasicGuacamoleTunnelServlet.java:65)
	at net.sourceforge.guacamole.net.basic.AuthenticatingHttpServlet.service(AuthenticatingHttpServlet.java:283)
	at javax.servlet.http.HttpServlet.service(HttpServlet.java:717)
	at org.apache.catalina.core.ApplicationFilterChain.internalDoFilter(ApplicationFilterChain.java:290)
	at org.apache.catalina.core.ApplicationFilterChain.doFilter(ApplicationFilterChain.java:206)
	at org.apache.catalina.core.StandardWrapperValve.invoke(StandardWrapperValve.java:233)
	at org.apache.catalina.core.StandardContextValve.invoke(StandardContextValve.java:191)
	at org.apache.catalina.core.StandardHostValve.invoke(StandardHostValve.java:127)
	at org.apache.catalina.valves.ErrorReportValve.invoke(ErrorReportValve.java:103)
	at org.apache.catalina.core.StandardEngineValve.invoke(StandardEngineValve.java:109)
	at org.apache.catalina.connector.CoyoteAdapter.service(CoyoteAdapter.java:293)
	at org.apache.coyote.http11.Http11Processor.process(Http11Processor.java:861)
	at org.apache.coyote.http11.Http11Protocol$Http11ConnectionHandler.process(Http11Protocol.java:606)
	at org.apache.tomcat.util.net.JIoEndpoint$Worker.run(JIoEndpoint.java:489)
	at java.lang.Thread.run(Thread.java:679)
Caused by: java.net.ConnectException: Connection refused
	at java.net.PlainSocketImpl.socketConnect(Native Method)
	at java.net.AbstractPlainSocketImpl.doConnect(AbstractPlainSocketImpl.java:327)
	at java.net.AbstractPlainSocketImpl.connectToAddress(AbstractPlainSocketImpl.java:193)
	at java.net.AbstractPlainSocketImpl.connect(AbstractPlainSocketImpl.java:180)
	at java.net.SocksSocketImpl.connect(SocksSocketImpl.java:384)
	at java.net.Socket.connect(Socket.java:546)
	at net.sourceforge.guacamole.net.InetGuacamoleSocket.<init>(InetGuacamoleSocket.java:98)
	... 20 more
Dec 18, 2012 3:50:17 PM org.slf4j.impl.JCLLoggerAdapter warn
WARNING: Authentication attempt from 127.0.0.1 for user "null" failed.
Dec 18, 2012 3:52:38 PM org.slf4j.impl.JCLLoggerAdapter info
INFO: Username:jora@nebulent.com
Dec 18, 2012 3:52:38 PM org.slf4j.impl.JCLLoggerAdapter info
INFO: Name:ec2-54-242-198-107.compute-1.amazonaws.com
Dec 18, 2012 3:52:38 PM org.slf4j.impl.JCLLoggerAdapter info
INFO: Host:ec2-54-242-198-107.compute-1.amazonaws.com
Dec 18, 2012 3:52:38 PM org.slf4j.impl.JCLLoggerAdapter info
INFO: Protocol:vnc
Dec 18, 2012 3:52:38 PM org.slf4j.impl.JCLLoggerAdapter info
INFO: Port:5900
Dec 18, 2012 3:52:38 PM org.slf4j.impl.JCLLoggerAdapter info
INFO: Name:ec2-23-22-100-199.compute-1.amazonaws.com
Dec 18, 2012 3:52:38 PM org.slf4j.impl.JCLLoggerAdapter info
INFO: Host:ec2-23-22-100-199.compute-1.amazonaws.com
Dec 18, 2012 3:52:38 PM org.slf4j.impl.JCLLoggerAdapter info
INFO: Protocol:rdp
Dec 18, 2012 3:52:38 PM org.slf4j.impl.JCLLoggerAdapter info
INFO: Port:3389
Dec 18, 2012 3:52:38 PM org.slf4j.impl.JCLLoggerAdapter info
INFO: User "jora@nebulent.com" successfully authenticated from 127.0.0.1.
Dec 18, 2012 3:52:38 PM org.slf4j.impl.JCLLoggerAdapter info
INFO: Login was successful.
Dec 18, 2012 3:52:40 PM org.slf4j.impl.JCLLoggerAdapter info
INFO: Successful connection from 127.0.0.1 to "ec2-23-22-100-199.compute-1.amazonaws.com".
Dec 18, 2012 3:52:40 PM org.slf4j.impl.JCLLoggerAdapter error
SEVERE: Server error in tunnel
net.sourceforge.guacamole.GuacamoleServerException: java.net.ConnectException: Connection refused
	at net.sourceforge.guacamole.net.InetGuacamoleSocket.<init>(InetGuacamoleSocket.java:109)
	at net.sourceforge.guacamole.net.basic.BasicGuacamoleTunnelServlet$1.doConnect(BasicGuacamoleTunnelServlet.java:215)
	at net.sourceforge.guacamole.servlet.GuacamoleHTTPTunnelServlet.handleTunnelRequest(GuacamoleHTTPTunnelServlet.java:149)
	at net.sourceforge.guacamole.servlet.GuacamoleHTTPTunnelServlet.doPost(GuacamoleHTTPTunnelServlet.java:94)
	at javax.servlet.http.HttpServlet.service(HttpServlet.java:637)
	at javax.servlet.http.HttpServlet.service(HttpServlet.java:717)
	at net.sourceforge.guacamole.net.basic.BasicGuacamoleTunnelServlet.authenticatedService(BasicGuacamoleTunnelServlet.java:65)
	at net.sourceforge.guacamole.net.basic.AuthenticatingHttpServlet.service(AuthenticatingHttpServlet.java:283)
	at javax.servlet.http.HttpServlet.service(HttpServlet.java:717)
	at org.apache.catalina.core.ApplicationFilterChain.internalDoFilter(ApplicationFilterChain.java:290)
	at org.apache.catalina.core.ApplicationFilterChain.doFilter(ApplicationFilterChain.java:206)
	at org.apache.catalina.core.StandardWrapperValve.invoke(StandardWrapperValve.java:233)
	at org.apache.catalina.core.StandardContextValve.invoke(StandardContextValve.java:191)
	at org.apache.catalina.core.StandardHostValve.invoke(StandardHostValve.java:127)
	at org.apache.catalina.valves.ErrorReportValve.invoke(ErrorReportValve.java:103)
	at org.apache.catalina.core.StandardEngineValve.invoke(StandardEngineValve.java:109)
	at org.apache.catalina.connector.CoyoteAdapter.service(CoyoteAdapter.java:293)
	at org.apache.coyote.http11.Http11Processor.process(Http11Processor.java:861)
	at org.apache.coyote.http11.Http11Protocol$Http11ConnectionHandler.process(Http11Protocol.java:606)
	at org.apache.tomcat.util.net.JIoEndpoint$Worker.run(JIoEndpoint.java:489)
	at java.lang.Thread.run(Thread.java:679)
Caused by: java.net.ConnectException: Connection refused
	at java.net.PlainSocketImpl.socketConnect(Native Method)
	at java.net.AbstractPlainSocketImpl.doConnect(AbstractPlainSocketImpl.java:327)
	at java.net.AbstractPlainSocketImpl.connectToAddress(AbstractPlainSocketImpl.java:193)
	at java.net.AbstractPlainSocketImpl.connect(AbstractPlainSocketImpl.java:180)
	at java.net.SocksSocketImpl.connect(SocksSocketImpl.java:384)
	at java.net.Socket.connect(Socket.java:546)
	at net.sourceforge.guacamole.net.InetGuacamoleSocket.<init>(InetGuacamoleSocket.java:98)
	... 20 more
Dec 18, 2012 3:52:59 PM org.slf4j.impl.JCLLoggerAdapter info
INFO: Successful connection from 127.0.0.1 to "ec2-23-22-100-199.compute-1.amazonaws.com".
Dec 18, 2012 3:52:59 PM org.slf4j.impl.JCLLoggerAdapter error
SEVERE: Server error in tunnel
net.sourceforge.guacamole.GuacamoleServerException: java.net.ConnectException: Connection refused
	at net.sourceforge.guacamole.net.InetGuacamoleSocket.<init>(InetGuacamoleSocket.java:109)
	at net.sourceforge.guacamole.net.basic.BasicGuacamoleTunnelServlet$1.doConnect(BasicGuacamoleTunnelServlet.java:215)
	at net.sourceforge.guacamole.servlet.GuacamoleHTTPTunnelServlet.handleTunnelRequest(GuacamoleHTTPTunnelServlet.java:149)
	at net.sourceforge.guacamole.servlet.GuacamoleHTTPTunnelServlet.doPost(GuacamoleHTTPTunnelServlet.java:94)
	at javax.servlet.http.HttpServlet.service(HttpServlet.java:637)
	at javax.servlet.http.HttpServlet.service(HttpServlet.java:717)
	at net.sourceforge.guacamole.net.basic.BasicGuacamoleTunnelServlet.authenticatedService(BasicGuacamoleTunnelServlet.java:65)
	at net.sourceforge.guacamole.net.basic.AuthenticatingHttpServlet.service(AuthenticatingHttpServlet.java:283)
	at javax.servlet.http.HttpServlet.service(HttpServlet.java:717)
	at org.apache.catalina.core.ApplicationFilterChain.internalDoFilter(ApplicationFilterChain.java:290)
	at org.apache.catalina.core.ApplicationFilterChain.doFilter(ApplicationFilterChain.java:206)
	at org.apache.catalina.core.StandardWrapperValve.invoke(StandardWrapperValve.java:233)
	at org.apache.catalina.core.StandardContextValve.invoke(StandardContextValve.java:191)
	at org.apache.catalina.core.StandardHostValve.invoke(StandardHostValve.java:127)
	at org.apache.catalina.valves.ErrorReportValve.invoke(ErrorReportValve.java:103)
	at org.apache.catalina.core.StandardEngineValve.invoke(StandardEngineValve.java:109)
	at org.apache.catalina.connector.CoyoteAdapter.service(CoyoteAdapter.java:293)
	at org.apache.coyote.http11.Http11Processor.process(Http11Processor.java:861)
	at org.apache.coyote.http11.Http11Protocol$Http11ConnectionHandler.process(Http11Protocol.java:606)
	at org.apache.tomcat.util.net.JIoEndpoint$Worker.run(JIoEndpoint.java:489)
	at java.lang.Thread.run(Thread.java:679)
Caused by: java.net.ConnectException: Connection refused
	at java.net.PlainSocketImpl.socketConnect(Native Method)
	at java.net.AbstractPlainSocketImpl.doConnect(AbstractPlainSocketImpl.java:327)
	at java.net.AbstractPlainSocketImpl.connectToAddress(AbstractPlainSocketImpl.java:193)
	at java.net.AbstractPlainSocketImpl.connect(AbstractPlainSocketImpl.java:180)
	at java.net.SocksSocketImpl.connect(SocksSocketImpl.java:384)
	at java.net.Socket.connect(Socket.java:546)
	at net.sourceforge.guacamole.net.InetGuacamoleSocket.<init>(InetGuacamoleSocket.java:98)
	... 20 more
Dec 18, 2012 3:56:26 PM org.slf4j.impl.JCLLoggerAdapter info
INFO: Successful connection from 127.0.0.1 to "ec2-23-22-100-199.compute-1.amazonaws.com".
Dec 18, 2012 3:56:26 PM org.slf4j.impl.JCLLoggerAdapter error
SEVERE: Server error in tunnel
net.sourceforge.guacamole.GuacamoleServerException: java.net.ConnectException: Connection refused
	at net.sourceforge.guacamole.net.InetGuacamoleSocket.<init>(InetGuacamoleSocket.java:109)
	at net.sourceforge.guacamole.net.basic.BasicGuacamoleTunnelServlet$1.doConnect(BasicGuacamoleTunnelServlet.java:215)
	at net.sourceforge.guacamole.servlet.GuacamoleHTTPTunnelServlet.handleTunnelRequest(GuacamoleHTTPTunnelServlet.java:149)
	at net.sourceforge.guacamole.servlet.GuacamoleHTTPTunnelServlet.doPost(GuacamoleHTTPTunnelServlet.java:94)
	at javax.servlet.http.HttpServlet.service(HttpServlet.java:637)
	at javax.servlet.http.HttpServlet.service(HttpServlet.java:717)
	at net.sourceforge.guacamole.net.basic.BasicGuacamoleTunnelServlet.authenticatedService(BasicGuacamoleTunnelServlet.java:65)
	at net.sourceforge.guacamole.net.basic.AuthenticatingHttpServlet.service(AuthenticatingHttpServlet.java:283)
	at javax.servlet.http.HttpServlet.service(HttpServlet.java:717)
	at org.apache.catalina.core.ApplicationFilterChain.internalDoFilter(ApplicationFilterChain.java:290)
	at org.apache.catalina.core.ApplicationFilterChain.doFilter(ApplicationFilterChain.java:206)
	at org.apache.catalina.core.StandardWrapperValve.invoke(StandardWrapperValve.java:233)
	at org.apache.catalina.core.StandardContextValve.invoke(StandardContextValve.java:191)
	at org.apache.catalina.core.StandardHostValve.invoke(StandardHostValve.java:127)
	at org.apache.catalina.valves.ErrorReportValve.invoke(ErrorReportValve.java:103)
	at org.apache.catalina.core.StandardEngineValve.invoke(StandardEngineValve.java:109)
	at org.apache.catalina.connector.CoyoteAdapter.service(CoyoteAdapter.java:293)
	at org.apache.coyote.http11.Http11Processor.process(Http11Processor.java:861)
	at org.apache.coyote.http11.Http11Protocol$Http11ConnectionHandler.process(Http11Protocol.java:606)
	at org.apache.tomcat.util.net.JIoEndpoint$Worker.run(JIoEndpoint.java:489)
	at java.lang.Thread.run(Thread.java:679)
Caused by: java.net.ConnectException: Connection refused
	at java.net.PlainSocketImpl.socketConnect(Native Method)
	at java.net.AbstractPlainSocketImpl.doConnect(AbstractPlainSocketImpl.java:327)
	at java.net.AbstractPlainSocketImpl.connectToAddress(AbstractPlainSocketImpl.java:193)
	at java.net.AbstractPlainSocketImpl.connect(AbstractPlainSocketImpl.java:180)
	at java.net.SocksSocketImpl.connect(SocksSocketImpl.java:384)
	at java.net.Socket.connect(Socket.java:546)
	at net.sourceforge.guacamole.net.InetGuacamoleSocket.<init>(InetGuacamoleSocket.java:98)
	... 20 more
Dec 18, 2012 3:56:29 PM org.slf4j.impl.JCLLoggerAdapter info
INFO: Successful connection from 127.0.0.1 to "ec2-23-22-100-199.compute-1.amazonaws.com".
Dec 18, 2012 3:56:29 PM org.slf4j.impl.JCLLoggerAdapter error
SEVERE: Server error in tunnel
net.sourceforge.guacamole.GuacamoleServerException: java.net.ConnectException: Connection refused
	at net.sourceforge.guacamole.net.InetGuacamoleSocket.<init>(InetGuacamoleSocket.java:109)
	at net.sourceforge.guacamole.net.basic.BasicGuacamoleTunnelServlet$1.doConnect(BasicGuacamoleTunnelServlet.java:215)
	at net.sourceforge.guacamole.servlet.GuacamoleHTTPTunnelServlet.handleTunnelRequest(GuacamoleHTTPTunnelServlet.java:149)
	at net.sourceforge.guacamole.servlet.GuacamoleHTTPTunnelServlet.doPost(GuacamoleHTTPTunnelServlet.java:94)
	at javax.servlet.http.HttpServlet.service(HttpServlet.java:637)
	at javax.servlet.http.HttpServlet.service(HttpServlet.java:717)
	at net.sourceforge.guacamole.net.basic.BasicGuacamoleTunnelServlet.authenticatedService(BasicGuacamoleTunnelServlet.java:65)
	at net.sourceforge.guacamole.net.basic.AuthenticatingHttpServlet.service(AuthenticatingHttpServlet.java:283)
	at javax.servlet.http.HttpServlet.service(HttpServlet.java:717)
	at org.apache.catalina.core.ApplicationFilterChain.internalDoFilter(ApplicationFilterChain.java:290)
	at org.apache.catalina.core.ApplicationFilterChain.doFilter(ApplicationFilterChain.java:206)
	at org.apache.catalina.core.StandardWrapperValve.invoke(StandardWrapperValve.java:233)
	at org.apache.catalina.core.StandardContextValve.invoke(StandardContextValve.java:191)
	at org.apache.catalina.core.StandardHostValve.invoke(StandardHostValve.java:127)
	at org.apache.catalina.valves.ErrorReportValve.invoke(ErrorReportValve.java:103)
	at org.apache.catalina.core.StandardEngineValve.invoke(StandardEngineValve.java:109)
	at org.apache.catalina.connector.CoyoteAdapter.service(CoyoteAdapter.java:293)
	at org.apache.coyote.http11.Http11Processor.process(Http11Processor.java:861)
	at org.apache.coyote.http11.Http11Protocol$Http11ConnectionHandler.process(Http11Protocol.java:606)
	at org.apache.tomcat.util.net.JIoEndpoint$Worker.run(JIoEndpoint.java:489)
	at java.lang.Thread.run(Thread.java:679)
Caused by: java.net.ConnectException: Connection refused
	at java.net.PlainSocketImpl.socketConnect(Native Method)
	at java.net.AbstractPlainSocketImpl.doConnect(AbstractPlainSocketImpl.java:327)
	at java.net.AbstractPlainSocketImpl.connectToAddress(AbstractPlainSocketImpl.java:193)
	at java.net.AbstractPlainSocketImpl.connect(AbstractPlainSocketImpl.java:180)
	at java.net.SocksSocketImpl.connect(SocksSocketImpl.java:384)
	at java.net.Socket.connect(Socket.java:546)
	at net.sourceforge.guacamole.net.InetGuacamoleSocket.<init>(InetGuacamoleSocket.java:98)
	... 20 more
Dec 18, 2012 3:57:00 PM org.slf4j.impl.JCLLoggerAdapter info
INFO: Successful connection from 127.0.0.1 to "ec2-23-22-100-199.compute-1.amazonaws.com".
Dec 18, 2012 3:57:00 PM org.slf4j.impl.JCLLoggerAdapter error
SEVERE: Server error in tunnel
net.sourceforge.guacamole.GuacamoleServerException: java.net.ConnectException: Connection refused
	at net.sourceforge.guacamole.net.InetGuacamoleSocket.<init>(InetGuacamoleSocket.java:109)
	at net.sourceforge.guacamole.net.basic.BasicGuacamoleTunnelServlet$1.doConnect(BasicGuacamoleTunnelServlet.java:215)
	at net.sourceforge.guacamole.servlet.GuacamoleHTTPTunnelServlet.handleTunnelRequest(GuacamoleHTTPTunnelServlet.java:149)
	at net.sourceforge.guacamole.servlet.GuacamoleHTTPTunnelServlet.doPost(GuacamoleHTTPTunnelServlet.java:94)
	at javax.servlet.http.HttpServlet.service(HttpServlet.java:637)
	at javax.servlet.http.HttpServlet.service(HttpServlet.java:717)
	at net.sourceforge.guacamole.net.basic.BasicGuacamoleTunnelServlet.authenticatedService(BasicGuacamoleTunnelServlet.java:65)
	at net.sourceforge.guacamole.net.basic.AuthenticatingHttpServlet.service(AuthenticatingHttpServlet.java:283)
	at javax.servlet.http.HttpServlet.service(HttpServlet.java:717)
	at org.apache.catalina.core.ApplicationFilterChain.internalDoFilter(ApplicationFilterChain.java:290)
	at org.apache.catalina.core.ApplicationFilterChain.doFilter(ApplicationFilterChain.java:206)
	at org.apache.catalina.core.StandardWrapperValve.invoke(StandardWrapperValve.java:233)
	at org.apache.catalina.core.StandardContextValve.invoke(StandardContextValve.java:191)
	at org.apache.catalina.core.StandardHostValve.invoke(StandardHostValve.java:127)
	at org.apache.catalina.valves.ErrorReportValve.invoke(ErrorReportValve.java:103)
	at org.apache.catalina.core.StandardEngineValve.invoke(StandardEngineValve.java:109)
	at org.apache.catalina.connector.CoyoteAdapter.service(CoyoteAdapter.java:293)
	at org.apache.coyote.http11.Http11Processor.process(Http11Processor.java:861)
	at org.apache.coyote.http11.Http11Protocol$Http11ConnectionHandler.process(Http11Protocol.java:606)
	at org.apache.tomcat.util.net.JIoEndpoint$Worker.run(JIoEndpoint.java:489)
	at java.lang.Thread.run(Thread.java:679)
Caused by: java.net.ConnectException: Connection refused
	at java.net.PlainSocketImpl.socketConnect(Native Method)
	at java.net.AbstractPlainSocketImpl.doConnect(AbstractPlainSocketImpl.java:327)
	at java.net.AbstractPlainSocketImpl.connectToAddress(AbstractPlainSocketImpl.java:193)
	at java.net.AbstractPlainSocketImpl.connect(AbstractPlainSocketImpl.java:180)
	at java.net.SocksSocketImpl.connect(SocksSocketImpl.java:384)
	at java.net.Socket.connect(Socket.java:546)
	at net.sourceforge.guacamole.net.InetGuacamoleSocket.<init>(InetGuacamoleSocket.java:98)
	... 20 more
Dec 18, 2012 4:00:49 PM org.slf4j.impl.JCLLoggerAdapter info
INFO: Successful connection from 127.0.0.1 to "ec2-23-22-100-199.compute-1.amazonaws.com".
Dec 18, 2012 4:00:49 PM org.slf4j.impl.JCLLoggerAdapter error
SEVERE: Server error in tunnel
net.sourceforge.guacamole.GuacamoleServerException: java.net.ConnectException: Connection refused
	at net.sourceforge.guacamole.net.InetGuacamoleSocket.<init>(InetGuacamoleSocket.java:109)
	at net.sourceforge.guacamole.net.basic.BasicGuacamoleTunnelServlet$1.doConnect(BasicGuacamoleTunnelServlet.java:215)
	at net.sourceforge.guacamole.servlet.GuacamoleHTTPTunnelServlet.handleTunnelRequest(GuacamoleHTTPTunnelServlet.java:149)
	at net.sourceforge.guacamole.servlet.GuacamoleHTTPTunnelServlet.doPost(GuacamoleHTTPTunnelServlet.java:94)
	at javax.servlet.http.HttpServlet.service(HttpServlet.java:637)
	at javax.servlet.http.HttpServlet.service(HttpServlet.java:717)
	at net.sourceforge.guacamole.net.basic.BasicGuacamoleTunnelServlet.authenticatedService(BasicGuacamoleTunnelServlet.java:65)
	at net.sourceforge.guacamole.net.basic.AuthenticatingHttpServlet.service(AuthenticatingHttpServlet.java:283)
	at javax.servlet.http.HttpServlet.service(HttpServlet.java:717)
	at org.apache.catalina.core.ApplicationFilterChain.internalDoFilter(ApplicationFilterChain.java:290)
	at org.apache.catalina.core.ApplicationFilterChain.doFilter(ApplicationFilterChain.java:206)
	at org.apache.catalina.core.StandardWrapperValve.invoke(StandardWrapperValve.java:233)
	at org.apache.catalina.core.StandardContextValve.invoke(StandardContextValve.java:191)
	at org.apache.catalina.core.StandardHostValve.invoke(StandardHostValve.java:127)
	at org.apache.catalina.valves.ErrorReportValve.invoke(ErrorReportValve.java:103)
	at org.apache.catalina.core.StandardEngineValve.invoke(StandardEngineValve.java:109)
	at org.apache.catalina.connector.CoyoteAdapter.service(CoyoteAdapter.java:293)
	at org.apache.coyote.http11.Http11Processor.process(Http11Processor.java:861)
	at org.apache.coyote.http11.Http11Protocol$Http11ConnectionHandler.process(Http11Protocol.java:606)
	at org.apache.tomcat.util.net.JIoEndpoint$Worker.run(JIoEndpoint.java:489)
	at java.lang.Thread.run(Thread.java:679)
Caused by: java.net.ConnectException: Connection refused
	at java.net.PlainSocketImpl.socketConnect(Native Method)
	at java.net.AbstractPlainSocketImpl.doConnect(AbstractPlainSocketImpl.java:327)
	at java.net.AbstractPlainSocketImpl.connectToAddress(AbstractPlainSocketImpl.java:193)
	at java.net.AbstractPlainSocketImpl.connect(AbstractPlainSocketImpl.java:180)
	at java.net.SocksSocketImpl.connect(SocksSocketImpl.java:384)
	at java.net.Socket.connect(Socket.java:546)
	at net.sourceforge.guacamole.net.InetGuacamoleSocket.<init>(InetGuacamoleSocket.java:98)
	... 20 more
Dec 18, 2012 4:01:05 PM org.slf4j.impl.JCLLoggerAdapter info
INFO: Successful connection from 127.0.0.1 to "ec2-23-22-100-199.compute-1.amazonaws.com".
Dec 18, 2012 4:01:05 PM org.slf4j.impl.JCLLoggerAdapter error
SEVERE: Server error in tunnel
net.sourceforge.guacamole.GuacamoleServerException: java.net.ConnectException: Connection refused
	at net.sourceforge.guacamole.net.InetGuacamoleSocket.<init>(InetGuacamoleSocket.java:109)
	at net.sourceforge.guacamole.net.basic.BasicGuacamoleTunnelServlet$1.doConnect(BasicGuacamoleTunnelServlet.java:215)
	at net.sourceforge.guacamole.servlet.GuacamoleHTTPTunnelServlet.handleTunnelRequest(GuacamoleHTTPTunnelServlet.java:149)
	at net.sourceforge.guacamole.servlet.GuacamoleHTTPTunnelServlet.doPost(GuacamoleHTTPTunnelServlet.java:94)
	at javax.servlet.http.HttpServlet.service(HttpServlet.java:637)
	at javax.servlet.http.HttpServlet.service(HttpServlet.java:717)
	at net.sourceforge.guacamole.net.basic.BasicGuacamoleTunnelServlet.authenticatedService(BasicGuacamoleTunnelServlet.java:65)
	at net.sourceforge.guacamole.net.basic.AuthenticatingHttpServlet.service(AuthenticatingHttpServlet.java:283)
	at javax.servlet.http.HttpServlet.service(HttpServlet.java:717)
	at org.apache.catalina.core.ApplicationFilterChain.internalDoFilter(ApplicationFilterChain.java:290)
	at org.apache.catalina.core.ApplicationFilterChain.doFilter(ApplicationFilterChain.java:206)
	at org.apache.catalina.core.StandardWrapperValve.invoke(StandardWrapperValve.java:233)
	at org.apache.catalina.core.StandardContextValve.invoke(StandardContextValve.java:191)
	at org.apache.catalina.core.StandardHostValve.invoke(StandardHostValve.java:127)
	at org.apache.catalina.valves.ErrorReportValve.invoke(ErrorReportValve.java:103)
	at org.apache.catalina.core.StandardEngineValve.invoke(StandardEngineValve.java:109)
	at org.apache.catalina.connector.CoyoteAdapter.service(CoyoteAdapter.java:293)
	at org.apache.coyote.http11.Http11Processor.process(Http11Processor.java:861)
	at org.apache.coyote.http11.Http11Protocol$Http11ConnectionHandler.process(Http11Protocol.java:606)
	at org.apache.tomcat.util.net.JIoEndpoint$Worker.run(JIoEndpoint.java:489)
	at java.lang.Thread.run(Thread.java:679)
Caused by: java.net.ConnectException: Connection refused
	at java.net.PlainSocketImpl.socketConnect(Native Method)
	at java.net.AbstractPlainSocketImpl.doConnect(AbstractPlainSocketImpl.java:327)
	at java.net.AbstractPlainSocketImpl.connectToAddress(AbstractPlainSocketImpl.java:193)
	at java.net.AbstractPlainSocketImpl.connect(AbstractPlainSocketImpl.java:180)
	at java.net.SocksSocketImpl.connect(SocksSocketImpl.java:384)
	at java.net.Socket.connect(Socket.java:546)
	at net.sourceforge.guacamole.net.InetGuacamoleSocket.<init>(InetGuacamoleSocket.java:98)
	... 20 more
Dec 18, 2012 4:05:47 PM org.slf4j.impl.JCLLoggerAdapter info
INFO: Successful connection from 127.0.0.1 to "ec2-23-22-100-199.compute-1.amazonaws.com".
Dec 18, 2012 4:05:47 PM org.slf4j.impl.JCLLoggerAdapter error
SEVERE: Server error in tunnel
net.sourceforge.guacamole.GuacamoleServerException: java.net.ConnectException: Connection refused
	at net.sourceforge.guacamole.net.InetGuacamoleSocket.<init>(InetGuacamoleSocket.java:109)
	at net.sourceforge.guacamole.net.basic.BasicGuacamoleTunnelServlet$1.doConnect(BasicGuacamoleTunnelServlet.java:215)
	at net.sourceforge.guacamole.servlet.GuacamoleHTTPTunnelServlet.handleTunnelRequest(GuacamoleHTTPTunnelServlet.java:149)
	at net.sourceforge.guacamole.servlet.GuacamoleHTTPTunnelServlet.doPost(GuacamoleHTTPTunnelServlet.java:94)
	at javax.servlet.http.HttpServlet.service(HttpServlet.java:637)
	at javax.servlet.http.HttpServlet.service(HttpServlet.java:717)
	at net.sourceforge.guacamole.net.basic.BasicGuacamoleTunnelServlet.authenticatedService(BasicGuacamoleTunnelServlet.java:65)
	at net.sourceforge.guacamole.net.basic.AuthenticatingHttpServlet.service(AuthenticatingHttpServlet.java:283)
	at javax.servlet.http.HttpServlet.service(HttpServlet.java:717)
	at org.apache.catalina.core.ApplicationFilterChain.internalDoFilter(ApplicationFilterChain.java:290)
	at org.apache.catalina.core.ApplicationFilterChain.doFilter(ApplicationFilterChain.java:206)
	at org.apache.catalina.core.StandardWrapperValve.invoke(StandardWrapperValve.java:233)
	at org.apache.catalina.core.StandardContextValve.invoke(StandardContextValve.java:191)
	at org.apache.catalina.core.StandardHostValve.invoke(StandardHostValve.java:127)
	at org.apache.catalina.valves.ErrorReportValve.invoke(ErrorReportValve.java:103)
	at org.apache.catalina.core.StandardEngineValve.invoke(StandardEngineValve.java:109)
	at org.apache.catalina.connector.CoyoteAdapter.service(CoyoteAdapter.java:293)
	at org.apache.coyote.http11.Http11Processor.process(Http11Processor.java:861)
	at org.apache.coyote.http11.Http11Protocol$Http11ConnectionHandler.process(Http11Protocol.java:606)
	at org.apache.tomcat.util.net.JIoEndpoint$Worker.run(JIoEndpoint.java:489)
	at java.lang.Thread.run(Thread.java:679)
Caused by: java.net.ConnectException: Connection refused
	at java.net.PlainSocketImpl.socketConnect(Native Method)
	at java.net.AbstractPlainSocketImpl.doConnect(AbstractPlainSocketImpl.java:327)
	at java.net.AbstractPlainSocketImpl.connectToAddress(AbstractPlainSocketImpl.java:193)
	at java.net.AbstractPlainSocketImpl.connect(AbstractPlainSocketImpl.java:180)
	at java.net.SocksSocketImpl.connect(SocksSocketImpl.java:384)
	at java.net.Socket.connect(Socket.java:546)
	at net.sourceforge.guacamole.net.InetGuacamoleSocket.<init>(InetGuacamoleSocket.java:98)
	... 20 more
Dec 18, 2012 4:05:54 PM org.slf4j.impl.JCLLoggerAdapter warn
WARNING: Authentication attempt from 127.0.0.1 for user "null" failed.
Dec 18, 2012 4:06:01 PM org.slf4j.impl.JCLLoggerAdapter info
INFO: Username:jora@nebulent.com
Dec 18, 2012 4:06:01 PM org.slf4j.impl.JCLLoggerAdapter info
INFO: Name:ec2-54-242-198-107.compute-1.amazonaws.com
Dec 18, 2012 4:06:01 PM org.slf4j.impl.JCLLoggerAdapter info
INFO: Host:ec2-54-242-198-107.compute-1.amazonaws.com
Dec 18, 2012 4:06:01 PM org.slf4j.impl.JCLLoggerAdapter info
INFO: Protocol:vnc
Dec 18, 2012 4:06:01 PM org.slf4j.impl.JCLLoggerAdapter info
INFO: Port:5900
Dec 18, 2012 4:06:01 PM org.slf4j.impl.JCLLoggerAdapter info
INFO: Name:ec2-23-22-100-199.compute-1.amazonaws.com
Dec 18, 2012 4:06:01 PM org.slf4j.impl.JCLLoggerAdapter info
INFO: Host:ec2-23-22-100-199.compute-1.amazonaws.com
Dec 18, 2012 4:06:01 PM org.slf4j.impl.JCLLoggerAdapter info
INFO: Protocol:rdp
Dec 18, 2012 4:06:01 PM org.slf4j.impl.JCLLoggerAdapter info
INFO: Port:3389
Dec 18, 2012 4:06:01 PM org.slf4j.impl.JCLLoggerAdapter info
INFO: User "jora@nebulent.com" successfully authenticated from 127.0.0.1.
Dec 18, 2012 4:06:01 PM org.slf4j.impl.JCLLoggerAdapter info
INFO: Login was successful.
Dec 18, 2012 4:06:04 PM org.slf4j.impl.JCLLoggerAdapter info
INFO: Successful connection from 127.0.0.1 to "ec2-23-22-100-199.compute-1.amazonaws.com".
Dec 18, 2012 4:06:29 PM org.slf4j.impl.JCLLoggerAdapter info
INFO: Successful connection from 127.0.0.1 to "ec2-23-22-100-199.compute-1.amazonaws.com".
Dec 18, 2012 4:06:29 PM org.slf4j.impl.JCLLoggerAdapter error
SEVERE: Server error in tunnel
net.sourceforge.guacamole.GuacamoleServerException: java.net.ConnectException: Connection refused
	at net.sourceforge.guacamole.net.InetGuacamoleSocket.<init>(InetGuacamoleSocket.java:109)
	at net.sourceforge.guacamole.net.basic.BasicGuacamoleTunnelServlet$1.doConnect(BasicGuacamoleTunnelServlet.java:215)
	at net.sourceforge.guacamole.servlet.GuacamoleHTTPTunnelServlet.handleTunnelRequest(GuacamoleHTTPTunnelServlet.java:149)
	at net.sourceforge.guacamole.servlet.GuacamoleHTTPTunnelServlet.doPost(GuacamoleHTTPTunnelServlet.java:94)
	at javax.servlet.http.HttpServlet.service(HttpServlet.java:637)
	at javax.servlet.http.HttpServlet.service(HttpServlet.java:717)
	at net.sourceforge.guacamole.net.basic.BasicGuacamoleTunnelServlet.authenticatedService(BasicGuacamoleTunnelServlet.java:65)
	at net.sourceforge.guacamole.net.basic.AuthenticatingHttpServlet.service(AuthenticatingHttpServlet.java:283)
	at javax.servlet.http.HttpServlet.service(HttpServlet.java:717)
	at org.apache.catalina.core.ApplicationFilterChain.internalDoFilter(ApplicationFilterChain.java:290)
	at org.apache.catalina.core.ApplicationFilterChain.doFilter(ApplicationFilterChain.java:206)
	at org.apache.catalina.core.StandardWrapperValve.invoke(StandardWrapperValve.java:233)
	at org.apache.catalina.core.StandardContextValve.invoke(StandardContextValve.java:191)
	at org.apache.catalina.core.StandardHostValve.invoke(StandardHostValve.java:127)
	at org.apache.catalina.valves.ErrorReportValve.invoke(ErrorReportValve.java:103)
	at org.apache.catalina.core.StandardEngineValve.invoke(StandardEngineValve.java:109)
	at org.apache.catalina.connector.CoyoteAdapter.service(CoyoteAdapter.java:293)
	at org.apache.coyote.http11.Http11Processor.process(Http11Processor.java:861)
	at org.apache.coyote.http11.Http11Protocol$Http11ConnectionHandler.process(Http11Protocol.java:606)
	at org.apache.tomcat.util.net.JIoEndpoint$Worker.run(JIoEndpoint.java:489)
	at java.lang.Thread.run(Thread.java:679)
Caused by: java.net.ConnectException: Connection refused
	at java.net.PlainSocketImpl.socketConnect(Native Method)
	at java.net.AbstractPlainSocketImpl.doConnect(AbstractPlainSocketImpl.java:327)
	at java.net.AbstractPlainSocketImpl.connectToAddress(AbstractPlainSocketImpl.java:193)
	at java.net.AbstractPlainSocketImpl.connect(AbstractPlainSocketImpl.java:180)
	at java.net.SocksSocketImpl.connect(SocksSocketImpl.java:384)
	at java.net.Socket.connect(Socket.java:546)
	at net.sourceforge.guacamole.net.InetGuacamoleSocket.<init>(InetGuacamoleSocket.java:98)
	... 20 more
Dec 18, 2012 4:06:36 PM org.slf4j.impl.JCLLoggerAdapter info
INFO: Successful connection from 127.0.0.1 to "ec2-23-22-100-199.compute-1.amazonaws.com".
Dec 18, 2012 4:07:08 PM org.slf4j.impl.JCLLoggerAdapter info
INFO: Successful connection from 127.0.0.1 to "ec2-23-22-100-199.compute-1.amazonaws.com".
Dec 18, 2012 4:07:08 PM org.slf4j.impl.JCLLoggerAdapter error
SEVERE: Server error in tunnel
net.sourceforge.guacamole.GuacamoleServerException: java.net.ConnectException: Connection refused
	at net.sourceforge.guacamole.net.InetGuacamoleSocket.<init>(InetGuacamoleSocket.java:109)
	at net.sourceforge.guacamole.net.basic.BasicGuacamoleTunnelServlet$1.doConnect(BasicGuacamoleTunnelServlet.java:215)
	at net.sourceforge.guacamole.servlet.GuacamoleHTTPTunnelServlet.handleTunnelRequest(GuacamoleHTTPTunnelServlet.java:149)
	at net.sourceforge.guacamole.servlet.GuacamoleHTTPTunnelServlet.doPost(GuacamoleHTTPTunnelServlet.java:94)
	at javax.servlet.http.HttpServlet.service(HttpServlet.java:637)
	at javax.servlet.http.HttpServlet.service(HttpServlet.java:717)
	at net.sourceforge.guacamole.net.basic.BasicGuacamoleTunnelServlet.authenticatedService(BasicGuacamoleTunnelServlet.java:65)
	at net.sourceforge.guacamole.net.basic.AuthenticatingHttpServlet.service(AuthenticatingHttpServlet.java:283)
	at javax.servlet.http.HttpServlet.service(HttpServlet.java:717)
	at org.apache.catalina.core.ApplicationFilterChain.internalDoFilter(ApplicationFilterChain.java:290)
	at org.apache.catalina.core.ApplicationFilterChain.doFilter(ApplicationFilterChain.java:206)
	at org.apache.catalina.core.StandardWrapperValve.invoke(StandardWrapperValve.java:233)
	at org.apache.catalina.core.StandardContextValve.invoke(StandardContextValve.java:191)
	at org.apache.catalina.core.StandardHostValve.invoke(StandardHostValve.java:127)
	at org.apache.catalina.valves.ErrorReportValve.invoke(ErrorReportValve.java:103)
	at org.apache.catalina.core.StandardEngineValve.invoke(StandardEngineValve.java:109)
	at org.apache.catalina.connector.CoyoteAdapter.service(CoyoteAdapter.java:293)
	at org.apache.coyote.http11.Http11Processor.process(Http11Processor.java:861)
	at org.apache.coyote.http11.Http11Protocol$Http11ConnectionHandler.process(Http11Protocol.java:606)
	at org.apache.tomcat.util.net.JIoEndpoint$Worker.run(JIoEndpoint.java:489)
	at java.lang.Thread.run(Thread.java:679)
Caused by: java.net.ConnectException: Connection refused
	at java.net.PlainSocketImpl.socketConnect(Native Method)
	at java.net.AbstractPlainSocketImpl.doConnect(AbstractPlainSocketImpl.java:327)
	at java.net.AbstractPlainSocketImpl.connectToAddress(AbstractPlainSocketImpl.java:193)
	at java.net.AbstractPlainSocketImpl.connect(AbstractPlainSocketImpl.java:180)
	at java.net.SocksSocketImpl.connect(SocksSocketImpl.java:384)
	at java.net.Socket.connect(Socket.java:546)
	at net.sourceforge.guacamole.net.InetGuacamoleSocket.<init>(InetGuacamoleSocket.java:98)
	... 20 more
Dec 18, 2012 4:07:14 PM org.slf4j.impl.JCLLoggerAdapter info
INFO: Successful connection from 127.0.0.1 to "ec2-23-22-100-199.compute-1.amazonaws.com".
Dec 18, 2012 4:07:41 PM org.slf4j.impl.JCLLoggerAdapter info
INFO: Successful connection from 127.0.0.1 to "ec2-23-22-100-199.compute-1.amazonaws.com".
Dec 18, 2012 4:07:41 PM org.slf4j.impl.JCLLoggerAdapter error
SEVERE: Server error in tunnel
net.sourceforge.guacamole.GuacamoleServerException: java.net.ConnectException: Connection refused
	at net.sourceforge.guacamole.net.InetGuacamoleSocket.<init>(InetGuacamoleSocket.java:109)
	at net.sourceforge.guacamole.net.basic.BasicGuacamoleTunnelServlet$1.doConnect(BasicGuacamoleTunnelServlet.java:215)
	at net.sourceforge.guacamole.servlet.GuacamoleHTTPTunnelServlet.handleTunnelRequest(GuacamoleHTTPTunnelServlet.java:149)
	at net.sourceforge.guacamole.servlet.GuacamoleHTTPTunnelServlet.doPost(GuacamoleHTTPTunnelServlet.java:94)
	at javax.servlet.http.HttpServlet.service(HttpServlet.java:637)
	at javax.servlet.http.HttpServlet.service(HttpServlet.java:717)
	at net.sourceforge.guacamole.net.basic.BasicGuacamoleTunnelServlet.authenticatedService(BasicGuacamoleTunnelServlet.java:65)
	at net.sourceforge.guacamole.net.basic.AuthenticatingHttpServlet.service(AuthenticatingHttpServlet.java:283)
	at javax.servlet.http.HttpServlet.service(HttpServlet.java:717)
	at org.apache.catalina.core.ApplicationFilterChain.internalDoFilter(ApplicationFilterChain.java:290)
	at org.apache.catalina.core.ApplicationFilterChain.doFilter(ApplicationFilterChain.java:206)
	at org.apache.catalina.core.StandardWrapperValve.invoke(StandardWrapperValve.java:233)
	at org.apache.catalina.core.StandardContextValve.invoke(StandardContextValve.java:191)
	at org.apache.catalina.core.StandardHostValve.invoke(StandardHostValve.java:127)
	at org.apache.catalina.valves.ErrorReportValve.invoke(ErrorReportValve.java:103)
	at org.apache.catalina.core.StandardEngineValve.invoke(StandardEngineValve.java:109)
	at org.apache.catalina.connector.CoyoteAdapter.service(CoyoteAdapter.java:293)
	at org.apache.coyote.http11.Http11Processor.process(Http11Processor.java:861)
	at org.apache.coyote.http11.Http11Protocol$Http11ConnectionHandler.process(Http11Protocol.java:606)
	at org.apache.tomcat.util.net.JIoEndpoint$Worker.run(JIoEndpoint.java:489)
	at java.lang.Thread.run(Thread.java:679)
Caused by: java.net.ConnectException: Connection refused
	at java.net.PlainSocketImpl.socketConnect(Native Method)
	at java.net.AbstractPlainSocketImpl.doConnect(AbstractPlainSocketImpl.java:327)
	at java.net.AbstractPlainSocketImpl.connectToAddress(AbstractPlainSocketImpl.java:193)
	at java.net.AbstractPlainSocketImpl.connect(AbstractPlainSocketImpl.java:180)
	at java.net.SocksSocketImpl.connect(SocksSocketImpl.java:384)
	at java.net.Socket.connect(Socket.java:546)
	at net.sourceforge.guacamole.net.InetGuacamoleSocket.<init>(InetGuacamoleSocket.java:98)
	... 20 more
Dec 18, 2012 4:08:04 PM org.slf4j.impl.JCLLoggerAdapter info
INFO: Successful connection from 127.0.0.1 to "ec2-23-22-100-199.compute-1.amazonaws.com".
Dec 18, 2012 4:08:04 PM org.slf4j.impl.JCLLoggerAdapter error
SEVERE: Server error in tunnel
net.sourceforge.guacamole.GuacamoleServerException: java.net.ConnectException: Connection refused
	at net.sourceforge.guacamole.net.InetGuacamoleSocket.<init>(InetGuacamoleSocket.java:109)
	at net.sourceforge.guacamole.net.basic.BasicGuacamoleTunnelServlet$1.doConnect(BasicGuacamoleTunnelServlet.java:215)
	at net.sourceforge.guacamole.servlet.GuacamoleHTTPTunnelServlet.handleTunnelRequest(GuacamoleHTTPTunnelServlet.java:149)
	at net.sourceforge.guacamole.servlet.GuacamoleHTTPTunnelServlet.doPost(GuacamoleHTTPTunnelServlet.java:94)
	at javax.servlet.http.HttpServlet.service(HttpServlet.java:637)
	at javax.servlet.http.HttpServlet.service(HttpServlet.java:717)
	at net.sourceforge.guacamole.net.basic.BasicGuacamoleTunnelServlet.authenticatedService(BasicGuacamoleTunnelServlet.java:65)
	at net.sourceforge.guacamole.net.basic.AuthenticatingHttpServlet.service(AuthenticatingHttpServlet.java:283)
	at javax.servlet.http.HttpServlet.service(HttpServlet.java:717)
	at org.apache.catalina.core.ApplicationFilterChain.internalDoFilter(ApplicationFilterChain.java:290)
	at org.apache.catalina.core.ApplicationFilterChain.doFilter(ApplicationFilterChain.java:206)
	at org.apache.catalina.core.StandardWrapperValve.invoke(StandardWrapperValve.java:233)
	at org.apache.catalina.core.StandardContextValve.invoke(StandardContextValve.java:191)
	at org.apache.catalina.core.StandardHostValve.invoke(StandardHostValve.java:127)
	at org.apache.catalina.valves.ErrorReportValve.invoke(ErrorReportValve.java:103)
	at org.apache.catalina.core.StandardEngineValve.invoke(StandardEngineValve.java:109)
	at org.apache.catalina.connector.CoyoteAdapter.service(CoyoteAdapter.java:293)
	at org.apache.coyote.http11.Http11Processor.process(Http11Processor.java:861)
	at org.apache.coyote.http11.Http11Protocol$Http11ConnectionHandler.process(Http11Protocol.java:606)
	at org.apache.tomcat.util.net.JIoEndpoint$Worker.run(JIoEndpoint.java:489)
	at java.lang.Thread.run(Thread.java:679)
Caused by: java.net.ConnectException: Connection refused
	at java.net.PlainSocketImpl.socketConnect(Native Method)
	at java.net.AbstractPlainSocketImpl.doConnect(AbstractPlainSocketImpl.java:327)
	at java.net.AbstractPlainSocketImpl.connectToAddress(AbstractPlainSocketImpl.java:193)
	at java.net.AbstractPlainSocketImpl.connect(AbstractPlainSocketImpl.java:180)
	at java.net.SocksSocketImpl.connect(SocksSocketImpl.java:384)
	at java.net.Socket.connect(Socket.java:546)
	at net.sourceforge.guacamole.net.InetGuacamoleSocket.<init>(InetGuacamoleSocket.java:98)
	... 20 more
Dec 18, 2012 4:09:20 PM org.slf4j.impl.JCLLoggerAdapter info
INFO: Successful connection from 127.0.0.1 to "ec2-23-22-100-199.compute-1.amazonaws.com".
Dec 18, 2012 4:10:12 PM org.slf4j.impl.JCLLoggerAdapter info
INFO: Successful connection from 127.0.0.1 to "ec2-54-242-198-107.compute-1.amazonaws.com".
Dec 18, 2012 4:10:12 PM org.slf4j.impl.JCLLoggerAdapter error
SEVERE: Server error in tunnel
net.sourceforge.guacamole.GuacamoleServerException: java.net.ConnectException: Connection refused
	at net.sourceforge.guacamole.net.InetGuacamoleSocket.<init>(InetGuacamoleSocket.java:109)
	at net.sourceforge.guacamole.net.basic.BasicGuacamoleTunnelServlet$1.doConnect(BasicGuacamoleTunnelServlet.java:215)
	at net.sourceforge.guacamole.servlet.GuacamoleHTTPTunnelServlet.handleTunnelRequest(GuacamoleHTTPTunnelServlet.java:149)
	at net.sourceforge.guacamole.servlet.GuacamoleHTTPTunnelServlet.doPost(GuacamoleHTTPTunnelServlet.java:94)
	at javax.servlet.http.HttpServlet.service(HttpServlet.java:637)
	at javax.servlet.http.HttpServlet.service(HttpServlet.java:717)
	at net.sourceforge.guacamole.net.basic.BasicGuacamoleTunnelServlet.authenticatedService(BasicGuacamoleTunnelServlet.java:65)
	at net.sourceforge.guacamole.net.basic.AuthenticatingHttpServlet.service(AuthenticatingHttpServlet.java:283)
	at javax.servlet.http.HttpServlet.service(HttpServlet.java:717)
	at org.apache.catalina.core.ApplicationFilterChain.internalDoFilter(ApplicationFilterChain.java:290)
	at org.apache.catalina.core.ApplicationFilterChain.doFilter(ApplicationFilterChain.java:206)
	at org.apache.catalina.core.StandardWrapperValve.invoke(StandardWrapperValve.java:233)
	at org.apache.catalina.core.StandardContextValve.invoke(StandardContextValve.java:191)
	at org.apache.catalina.core.StandardHostValve.invoke(StandardHostValve.java:127)
	at org.apache.catalina.valves.ErrorReportValve.invoke(ErrorReportValve.java:103)
	at org.apache.catalina.core.StandardEngineValve.invoke(StandardEngineValve.java:109)
	at org.apache.catalina.connector.CoyoteAdapter.service(CoyoteAdapter.java:293)
	at org.apache.coyote.http11.Http11Processor.process(Http11Processor.java:861)
	at org.apache.coyote.http11.Http11Protocol$Http11ConnectionHandler.process(Http11Protocol.java:606)
	at org.apache.tomcat.util.net.JIoEndpoint$Worker.run(JIoEndpoint.java:489)
	at java.lang.Thread.run(Thread.java:679)
Caused by: java.net.ConnectException: Connection refused
	at java.net.PlainSocketImpl.socketConnect(Native Method)
	at java.net.AbstractPlainSocketImpl.doConnect(AbstractPlainSocketImpl.java:327)
	at java.net.AbstractPlainSocketImpl.connectToAddress(AbstractPlainSocketImpl.java:193)
	at java.net.AbstractPlainSocketImpl.connect(AbstractPlainSocketImpl.java:180)
	at java.net.SocksSocketImpl.connect(SocksSocketImpl.java:384)
	at java.net.Socket.connect(Socket.java:546)
	at net.sourceforge.guacamole.net.InetGuacamoleSocket.<init>(InetGuacamoleSocket.java:98)
	... 20 more
Dec 18, 2012 4:12:10 PM org.apache.coyote.http11.Http11Protocol pause
INFO: Pausing Coyote HTTP/1.1 on http-8080
Dec 18, 2012 4:12:11 PM org.apache.catalina.core.StandardService stop
INFO: Stopping service Catalina
Dec 18, 2012 4:12:11 PM org.apache.coyote.http11.Http11Protocol destroy
INFO: Stopping Coyote HTTP/1.1 on http-8080
Dec 18, 2012 4:12:14 PM org.apache.catalina.core.AprLifecycleListener init
INFO: The APR based Apache Tomcat Native library which allows optimal performance in production environments was not found on the java.library.path: /usr/lib/jvm/java-6-openjdk-i386/jre/lib/i386/server:/usr/lib/jvm/java-6-openjdk-i386/jre/lib/i386:/usr/lib/jvm/java-6-openjdk-i386/jre/../lib/i386:/usr/java/packages/lib/i386:/usr/lib/i386-linux-gnu/jni:/lib/i386-linux-gnu:/usr/lib/i386-linux-gnu:/usr/lib/jni:/lib:/usr/lib
Dec 18, 2012 4:12:14 PM org.apache.coyote.http11.Http11Protocol init
INFO: Initializing Coyote HTTP/1.1 on http-8080
Dec 18, 2012 4:12:14 PM org.apache.catalina.startup.Catalina load
INFO: Initialization processed in 1020 ms
Dec 18, 2012 4:12:14 PM org.apache.catalina.core.StandardService start
INFO: Starting service Catalina
Dec 18, 2012 4:12:14 PM org.apache.catalina.core.StandardEngine start
INFO: Starting Servlet Engine: Apache Tomcat/6.0.36
Dec 18, 2012 4:12:14 PM org.apache.catalina.startup.HostConfig deployDescriptor
INFO: Deploying configuration descriptor manager.xml
Dec 18, 2012 4:12:15 PM org.apache.catalina.startup.HostConfig deployDescriptor
INFO: Deploying configuration descriptor guacamole.xml
Dec 18, 2012 4:12:15 PM org.slf4j.impl.JCLLoggerAdapter info
INFO: WebSocket support not found.
Dec 18, 2012 4:12:15 PM org.apache.catalina.startup.HostConfig deployDescriptor
INFO: Deploying configuration descriptor host-manager.xml
Dec 18, 2012 4:12:15 PM org.apache.catalina.startup.HostConfig deployDirectory
INFO: Deploying web application directory docs
Dec 18, 2012 4:12:15 PM org.apache.catalina.startup.HostConfig deployDirectory
INFO: Deploying web application directory ROOT
Dec 18, 2012 4:12:15 PM org.apache.catalina.startup.HostConfig deployDirectory
INFO: Deploying web application directory examples
Dec 18, 2012 4:12:16 PM org.apache.coyote.http11.Http11Protocol start
INFO: Starting Coyote HTTP/1.1 on http-8080
Dec 18, 2012 4:12:16 PM org.apache.jk.common.ChannelSocket init
INFO: JK: ajp13 listening on /0.0.0.0:8009
Dec 18, 2012 4:12:16 PM org.apache.jk.server.JkMain start
INFO: Jk running ID=0 time=0/28  config=null
Dec 18, 2012 4:12:16 PM org.apache.catalina.startup.Catalina start
INFO: Server startup in 1670 ms
Dec 18, 2012 4:12:23 PM org.slf4j.impl.JCLLoggerAdapter warn
WARNING: Authentication attempt from 127.0.0.1 for user "null" failed.
Dec 18, 2012 4:12:26 PM org.slf4j.impl.JCLLoggerAdapter warn
WARNING: Authentication attempt from 127.0.0.1 for user "null" failed.
Dec 18, 2012 4:12:35 PM org.slf4j.impl.JCLLoggerAdapter info
INFO: Username:jora@nebulent.com
Dec 18, 2012 4:12:35 PM org.slf4j.impl.JCLLoggerAdapter info
INFO: Name:ec2-54-242-198-107.compute-1.amazonaws.com
Dec 18, 2012 4:12:35 PM org.slf4j.impl.JCLLoggerAdapter info
INFO: Host:ec2-54-242-198-107.compute-1.amazonaws.com
Dec 18, 2012 4:12:35 PM org.slf4j.impl.JCLLoggerAdapter info
INFO: Protocol:vnc
Dec 18, 2012 4:12:35 PM org.slf4j.impl.JCLLoggerAdapter info
INFO: Port:5900
Dec 18, 2012 4:12:35 PM org.slf4j.impl.JCLLoggerAdapter info
INFO: Name:ec2-23-22-100-199.compute-1.amazonaws.com
Dec 18, 2012 4:12:35 PM org.slf4j.impl.JCLLoggerAdapter info
INFO: Host:ec2-23-22-100-199.compute-1.amazonaws.com
Dec 18, 2012 4:12:35 PM org.slf4j.impl.JCLLoggerAdapter info
INFO: Protocol:rdp
Dec 18, 2012 4:12:35 PM org.slf4j.impl.JCLLoggerAdapter info
INFO: Port:3389
Dec 18, 2012 4:12:35 PM org.slf4j.impl.JCLLoggerAdapter info
INFO: User "jora@nebulent.com" successfully authenticated from 127.0.0.1.
Dec 18, 2012 4:12:35 PM org.slf4j.impl.JCLLoggerAdapter info
INFO: Login was successful.
Dec 18, 2012 4:12:50 PM org.slf4j.impl.JCLLoggerAdapter info
INFO: Successful connection from 127.0.0.1 to "ec2-23-22-100-199.compute-1.amazonaws.com".
Dec 18, 2012 4:13:03 PM org.slf4j.impl.JCLLoggerAdapter info
INFO: Successful connection from 127.0.0.1 to "ec2-23-22-100-199.compute-1.amazonaws.com".
Dec 18, 2012 4:13:03 PM org.slf4j.impl.JCLLoggerAdapter error
SEVERE: Server error in tunnel
net.sourceforge.guacamole.GuacamoleServerException: java.net.ConnectException: Connection refused
	at net.sourceforge.guacamole.net.InetGuacamoleSocket.<init>(InetGuacamoleSocket.java:109)
	at net.sourceforge.guacamole.net.basic.BasicGuacamoleTunnelServlet$1.doConnect(BasicGuacamoleTunnelServlet.java:215)
	at net.sourceforge.guacamole.servlet.GuacamoleHTTPTunnelServlet.handleTunnelRequest(GuacamoleHTTPTunnelServlet.java:149)
	at net.sourceforge.guacamole.servlet.GuacamoleHTTPTunnelServlet.doPost(GuacamoleHTTPTunnelServlet.java:94)
	at javax.servlet.http.HttpServlet.service(HttpServlet.java:637)
	at javax.servlet.http.HttpServlet.service(HttpServlet.java:717)
	at net.sourceforge.guacamole.net.basic.BasicGuacamoleTunnelServlet.authenticatedService(BasicGuacamoleTunnelServlet.java:65)
	at net.sourceforge.guacamole.net.basic.AuthenticatingHttpServlet.service(AuthenticatingHttpServlet.java:283)
	at javax.servlet.http.HttpServlet.service(HttpServlet.java:717)
	at org.apache.catalina.core.ApplicationFilterChain.internalDoFilter(ApplicationFilterChain.java:290)
	at org.apache.catalina.core.ApplicationFilterChain.doFilter(ApplicationFilterChain.java:206)
	at org.apache.catalina.core.StandardWrapperValve.invoke(StandardWrapperValve.java:233)
	at org.apache.catalina.core.StandardContextValve.invoke(StandardContextValve.java:191)
	at org.apache.catalina.core.StandardHostValve.invoke(StandardHostValve.java:127)
	at org.apache.catalina.valves.ErrorReportValve.invoke(ErrorReportValve.java:103)
	at org.apache.catalina.core.StandardEngineValve.invoke(StandardEngineValve.java:109)
	at org.apache.catalina.connector.CoyoteAdapter.service(CoyoteAdapter.java:293)
	at org.apache.coyote.http11.Http11Processor.process(Http11Processor.java:861)
	at org.apache.coyote.http11.Http11Protocol$Http11ConnectionHandler.process(Http11Protocol.java:606)
	at org.apache.tomcat.util.net.JIoEndpoint$Worker.run(JIoEndpoint.java:489)
	at java.lang.Thread.run(Thread.java:679)
Caused by: java.net.ConnectException: Connection refused
	at java.net.PlainSocketImpl.socketConnect(Native Method)
	at java.net.AbstractPlainSocketImpl.doConnect(AbstractPlainSocketImpl.java:327)
	at java.net.AbstractPlainSocketImpl.connectToAddress(AbstractPlainSocketImpl.java:193)
	at java.net.AbstractPlainSocketImpl.connect(AbstractPlainSocketImpl.java:180)
	at java.net.SocksSocketImpl.connect(SocksSocketImpl.java:384)
	at java.net.Socket.connect(Socket.java:546)
	at net.sourceforge.guacamole.net.InetGuacamoleSocket.<init>(InetGuacamoleSocket.java:98)
	... 20 more
Dec 18, 2012 4:13:31 PM org.slf4j.impl.JCLLoggerAdapter info
INFO: Successful connection from 127.0.0.1 to "ec2-23-22-100-199.compute-1.amazonaws.com".
Dec 18, 2012 4:13:31 PM org.slf4j.impl.JCLLoggerAdapter error
SEVERE: Server error in tunnel
net.sourceforge.guacamole.GuacamoleServerException: java.net.ConnectException: Connection refused
	at net.sourceforge.guacamole.net.InetGuacamoleSocket.<init>(InetGuacamoleSocket.java:109)
	at net.sourceforge.guacamole.net.basic.BasicGuacamoleTunnelServlet$1.doConnect(BasicGuacamoleTunnelServlet.java:215)
	at net.sourceforge.guacamole.servlet.GuacamoleHTTPTunnelServlet.handleTunnelRequest(GuacamoleHTTPTunnelServlet.java:149)
	at net.sourceforge.guacamole.servlet.GuacamoleHTTPTunnelServlet.doPost(GuacamoleHTTPTunnelServlet.java:94)
	at javax.servlet.http.HttpServlet.service(HttpServlet.java:637)
	at javax.servlet.http.HttpServlet.service(HttpServlet.java:717)
	at net.sourceforge.guacamole.net.basic.BasicGuacamoleTunnelServlet.authenticatedService(BasicGuacamoleTunnelServlet.java:65)
	at net.sourceforge.guacamole.net.basic.AuthenticatingHttpServlet.service(AuthenticatingHttpServlet.java:283)
	at javax.servlet.http.HttpServlet.service(HttpServlet.java:717)
	at org.apache.catalina.core.ApplicationFilterChain.internalDoFilter(ApplicationFilterChain.java:290)
	at org.apache.catalina.core.ApplicationFilterChain.doFilter(ApplicationFilterChain.java:206)
	at org.apache.catalina.core.StandardWrapperValve.invoke(StandardWrapperValve.java:233)
	at org.apache.catalina.core.StandardContextValve.invoke(StandardContextValve.java:191)
	at org.apache.catalina.core.StandardHostValve.invoke(StandardHostValve.java:127)
	at org.apache.catalina.valves.ErrorReportValve.invoke(ErrorReportValve.java:103)
	at org.apache.catalina.core.StandardEngineValve.invoke(StandardEngineValve.java:109)
	at org.apache.catalina.connector.CoyoteAdapter.service(CoyoteAdapter.java:293)
	at org.apache.coyote.http11.Http11Processor.process(Http11Processor.java:861)
	at org.apache.coyote.http11.Http11Protocol$Http11ConnectionHandler.process(Http11Protocol.java:606)
	at org.apache.tomcat.util.net.JIoEndpoint$Worker.run(JIoEndpoint.java:489)
	at java.lang.Thread.run(Thread.java:679)
Caused by: java.net.ConnectException: Connection refused
	at java.net.PlainSocketImpl.socketConnect(Native Method)
	at java.net.AbstractPlainSocketImpl.doConnect(AbstractPlainSocketImpl.java:327)
	at java.net.AbstractPlainSocketImpl.connectToAddress(AbstractPlainSocketImpl.java:193)
	at java.net.AbstractPlainSocketImpl.connect(AbstractPlainSocketImpl.java:180)
	at java.net.SocksSocketImpl.connect(SocksSocketImpl.java:384)
	at java.net.Socket.connect(Socket.java:546)
	at net.sourceforge.guacamole.net.InetGuacamoleSocket.<init>(InetGuacamoleSocket.java:98)
	... 20 more
Dec 18, 2012 4:14:27 PM org.slf4j.impl.JCLLoggerAdapter info
INFO: Successful connection from 127.0.0.1 to "ec2-23-22-100-199.compute-1.amazonaws.com".
Dec 18, 2012 4:14:27 PM org.slf4j.impl.JCLLoggerAdapter error
SEVERE: Server error in tunnel
net.sourceforge.guacamole.GuacamoleServerException: java.net.ConnectException: Connection refused
	at net.sourceforge.guacamole.net.InetGuacamoleSocket.<init>(InetGuacamoleSocket.java:109)
	at net.sourceforge.guacamole.net.basic.BasicGuacamoleTunnelServlet$1.doConnect(BasicGuacamoleTunnelServlet.java:215)
	at net.sourceforge.guacamole.servlet.GuacamoleHTTPTunnelServlet.handleTunnelRequest(GuacamoleHTTPTunnelServlet.java:149)
	at net.sourceforge.guacamole.servlet.GuacamoleHTTPTunnelServlet.doPost(GuacamoleHTTPTunnelServlet.java:94)
	at javax.servlet.http.HttpServlet.service(HttpServlet.java:637)
	at javax.servlet.http.HttpServlet.service(HttpServlet.java:717)
	at net.sourceforge.guacamole.net.basic.BasicGuacamoleTunnelServlet.authenticatedService(BasicGuacamoleTunnelServlet.java:65)
	at net.sourceforge.guacamole.net.basic.AuthenticatingHttpServlet.service(AuthenticatingHttpServlet.java:283)
	at javax.servlet.http.HttpServlet.service(HttpServlet.java:717)
	at org.apache.catalina.core.ApplicationFilterChain.internalDoFilter(ApplicationFilterChain.java:290)
	at org.apache.catalina.core.ApplicationFilterChain.doFilter(ApplicationFilterChain.java:206)
	at org.apache.catalina.core.StandardWrapperValve.invoke(StandardWrapperValve.java:233)
	at org.apache.catalina.core.StandardContextValve.invoke(StandardContextValve.java:191)
	at org.apache.catalina.core.StandardHostValve.invoke(StandardHostValve.java:127)
	at org.apache.catalina.valves.ErrorReportValve.invoke(ErrorReportValve.java:103)
	at org.apache.catalina.core.StandardEngineValve.invoke(StandardEngineValve.java:109)
	at org.apache.catalina.connector.CoyoteAdapter.service(CoyoteAdapter.java:293)
	at org.apache.coyote.http11.Http11Processor.process(Http11Processor.java:861)
	at org.apache.coyote.http11.Http11Protocol$Http11ConnectionHandler.process(Http11Protocol.java:606)
	at org.apache.tomcat.util.net.JIoEndpoint$Worker.run(JIoEndpoint.java:489)
	at java.lang.Thread.run(Thread.java:679)
Caused by: java.net.ConnectException: Connection refused
	at java.net.PlainSocketImpl.socketConnect(Native Method)
	at java.net.AbstractPlainSocketImpl.doConnect(AbstractPlainSocketImpl.java:327)
	at java.net.AbstractPlainSocketImpl.connectToAddress(AbstractPlainSocketImpl.java:193)
	at java.net.AbstractPlainSocketImpl.connect(AbstractPlainSocketImpl.java:180)
	at java.net.SocksSocketImpl.connect(SocksSocketImpl.java:384)
	at java.net.Socket.connect(Socket.java:546)
	at net.sourceforge.guacamole.net.InetGuacamoleSocket.<init>(InetGuacamoleSocket.java:98)
	... 20 more
Dec 18, 2012 4:15:09 PM org.slf4j.impl.JCLLoggerAdapter info
INFO: Successful connection from 127.0.0.1 to "ec2-23-22-100-199.compute-1.amazonaws.com".
Dec 18, 2012 4:15:09 PM org.slf4j.impl.JCLLoggerAdapter error
SEVERE: Server error in tunnel
net.sourceforge.guacamole.GuacamoleServerException: java.net.ConnectException: Connection refused
	at net.sourceforge.guacamole.net.InetGuacamoleSocket.<init>(InetGuacamoleSocket.java:109)
	at net.sourceforge.guacamole.net.basic.BasicGuacamoleTunnelServlet$1.doConnect(BasicGuacamoleTunnelServlet.java:215)
	at net.sourceforge.guacamole.servlet.GuacamoleHTTPTunnelServlet.handleTunnelRequest(GuacamoleHTTPTunnelServlet.java:149)
	at net.sourceforge.guacamole.servlet.GuacamoleHTTPTunnelServlet.doPost(GuacamoleHTTPTunnelServlet.java:94)
	at javax.servlet.http.HttpServlet.service(HttpServlet.java:637)
	at javax.servlet.http.HttpServlet.service(HttpServlet.java:717)
	at net.sourceforge.guacamole.net.basic.BasicGuacamoleTunnelServlet.authenticatedService(BasicGuacamoleTunnelServlet.java:65)
	at net.sourceforge.guacamole.net.basic.AuthenticatingHttpServlet.service(AuthenticatingHttpServlet.java:283)
	at javax.servlet.http.HttpServlet.service(HttpServlet.java:717)
	at org.apache.catalina.core.ApplicationFilterChain.internalDoFilter(ApplicationFilterChain.java:290)
	at org.apache.catalina.core.ApplicationFilterChain.doFilter(ApplicationFilterChain.java:206)
	at org.apache.catalina.core.StandardWrapperValve.invoke(StandardWrapperValve.java:233)
	at org.apache.catalina.core.StandardContextValve.invoke(StandardContextValve.java:191)
	at org.apache.catalina.core.StandardHostValve.invoke(StandardHostValve.java:127)
	at org.apache.catalina.valves.ErrorReportValve.invoke(ErrorReportValve.java:103)
	at org.apache.catalina.core.StandardEngineValve.invoke(StandardEngineValve.java:109)
	at org.apache.catalina.connector.CoyoteAdapter.service(CoyoteAdapter.java:293)
	at org.apache.coyote.http11.Http11Processor.process(Http11Processor.java:861)
	at org.apache.coyote.http11.Http11Protocol$Http11ConnectionHandler.process(Http11Protocol.java:606)
	at org.apache.tomcat.util.net.JIoEndpoint$Worker.run(JIoEndpoint.java:489)
	at java.lang.Thread.run(Thread.java:679)
Caused by: java.net.ConnectException: Connection refused
	at java.net.PlainSocketImpl.socketConnect(Native Method)
	at java.net.AbstractPlainSocketImpl.doConnect(AbstractPlainSocketImpl.java:327)
	at java.net.AbstractPlainSocketImpl.connectToAddress(AbstractPlainSocketImpl.java:193)
	at java.net.AbstractPlainSocketImpl.connect(AbstractPlainSocketImpl.java:180)
	at java.net.SocksSocketImpl.connect(SocksSocketImpl.java:384)
	at java.net.Socket.connect(Socket.java:546)
	at net.sourceforge.guacamole.net.InetGuacamoleSocket.<init>(InetGuacamoleSocket.java:98)
	... 20 more
Dec 18, 2012 4:41:14 PM org.slf4j.impl.JCLLoggerAdapter info
INFO: Successful connection from 127.0.0.1 to "ec2-23-22-100-199.compute-1.amazonaws.com".
Dec 18, 2012 4:41:36 PM org.slf4j.impl.JCLLoggerAdapter info
INFO: Successful connection from 127.0.0.1 to "ec2-23-22-100-199.compute-1.amazonaws.com".
Dec 18, 2012 4:41:36 PM org.slf4j.impl.JCLLoggerAdapter info
INFO: Connection from 127.0.0.1 succeeded.
Dec 18, 2012 4:41:50 PM org.slf4j.impl.JCLLoggerAdapter info
INFO: Successful connection from 127.0.0.1 to "ec2-23-22-100-199.compute-1.amazonaws.com".
Dec 18, 2012 4:41:58 PM org.slf4j.impl.JCLLoggerAdapter info
INFO: Successful connection from 127.0.0.1 to "ec2-23-22-100-199.compute-1.amazonaws.com".
Dec 18, 2012 4:41:58 PM org.slf4j.impl.JCLLoggerAdapter info
INFO: Connection from 127.0.0.1 succeeded.
