Dec 17, 2012 12:31:44 PM org.apache.catalina.core.ApplicationContext log
INFO: ContextListener: contextInitialized()
Dec 17, 2012 12:31:44 PM org.apache.catalina.core.ApplicationContext log
INFO: SessionListener: contextInitialized()
Dec 17, 2012 12:31:50 PM org.apache.catalina.core.ApplicationContext log
SEVERE: StandardWrapper.Throwable
java.lang.NoClassDefFoundError: org/apache/cxf/jaxrs/client/ServerWebApplicationException
	at java.lang.Class.forName0(Native Method)
	at java.lang.Class.forName(Class.java:186)
	at net.sourceforge.guacamole.net.basic.GuacamoleClassLoader.findClass(GuacamoleClassLoader.java:142)
	at java.lang.ClassLoader.loadClass(ClassLoader.java:321)
	at java.lang.ClassLoader.loadClass(ClassLoader.java:266)
	at net.sourceforge.guacamole.net.basic.properties.AuthenticationProviderProperty.parseValue(AuthenticationProviderProperty.java:45)
	at net.sourceforge.guacamole.net.basic.properties.AuthenticationProviderProperty.parseValue(AuthenticationProviderProperty.java:33)
	at net.sourceforge.guacamole.properties.GuacamoleProperties.getProperty(GuacamoleProperties.java:118)
	at net.sourceforge.guacamole.properties.GuacamoleProperties.getRequiredProperty(GuacamoleProperties.java:139)
	at net.sourceforge.guacamole.net.basic.AuthenticatingHttpServlet.init(AuthenticatingHttpServlet.java:84)
	at javax.servlet.GenericServlet.init(GenericServlet.java:212)
	at org.apache.catalina.core.StandardWrapper.loadServlet(StandardWrapper.java:1206)
	at org.apache.catalina.core.StandardWrapper.allocate(StandardWrapper.java:827)
	at org.apache.catalina.core.StandardWrapperValve.invoke(StandardWrapperValve.java:129)
	at org.apache.catalina.core.StandardContextValve.invoke(StandardContextValve.java:191)
	at org.apache.catalina.core.StandardHostValve.invoke(StandardHostValve.java:127)
	at org.apache.catalina.valves.ErrorReportValve.invoke(ErrorReportValve.java:103)
	at org.apache.catalina.core.StandardEngineValve.invoke(StandardEngineValve.java:109)
	at org.apache.catalina.connector.CoyoteAdapter.service(CoyoteAdapter.java:293)
	at org.apache.coyote.http11.Http11Processor.process(Http11Processor.java:861)
	at org.apache.coyote.http11.Http11Protocol$Http11ConnectionHandler.process(Http11Protocol.java:606)
	at org.apache.tomcat.util.net.JIoEndpoint$Worker.run(JIoEndpoint.java:489)
	at java.lang.Thread.run(Thread.java:679)
Caused by: java.lang.ClassNotFoundException: org.apache.cxf.jaxrs.client.ServerWebApplicationException
	at org.apache.catalina.loader.WebappClassLoader.loadClass(WebappClassLoader.java:1680)
	at org.apache.catalina.loader.WebappClassLoader.loadClass(WebappClassLoader.java:1526)
	... 23 more
Dec 17, 2012 12:31:50 PM org.apache.catalina.core.StandardWrapperValve invoke
SEVERE: Allocate exception for servlet Configs
java.lang.ClassNotFoundException: org.apache.cxf.jaxrs.client.ServerWebApplicationException
	at org.apache.catalina.loader.WebappClassLoader.loadClass(WebappClassLoader.java:1680)
	at org.apache.catalina.loader.WebappClassLoader.loadClass(WebappClassLoader.java:1526)
	at java.lang.Class.forName0(Native Method)
	at java.lang.Class.forName(Class.java:186)
	at net.sourceforge.guacamole.net.basic.GuacamoleClassLoader.findClass(GuacamoleClassLoader.java:142)
	at java.lang.ClassLoader.loadClass(ClassLoader.java:321)
	at java.lang.ClassLoader.loadClass(ClassLoader.java:266)
	at net.sourceforge.guacamole.net.basic.properties.AuthenticationProviderProperty.parseValue(AuthenticationProviderProperty.java:45)
	at net.sourceforge.guacamole.net.basic.properties.AuthenticationProviderProperty.parseValue(AuthenticationProviderProperty.java:33)
	at net.sourceforge.guacamole.properties.GuacamoleProperties.getProperty(GuacamoleProperties.java:118)
	at net.sourceforge.guacamole.properties.GuacamoleProperties.getRequiredProperty(GuacamoleProperties.java:139)
	at net.sourceforge.guacamole.net.basic.AuthenticatingHttpServlet.init(AuthenticatingHttpServlet.java:84)
	at javax.servlet.GenericServlet.init(GenericServlet.java:212)
	at org.apache.catalina.core.StandardWrapper.loadServlet(StandardWrapper.java:1206)
	at org.apache.catalina.core.StandardWrapper.allocate(StandardWrapper.java:827)
	at org.apache.catalina.core.StandardWrapperValve.invoke(StandardWrapperValve.java:129)
	at org.apache.catalina.core.StandardContextValve.invoke(StandardContextValve.java:191)
	at org.apache.catalina.core.StandardHostValve.invoke(StandardHostValve.java:127)
	at org.apache.catalina.valves.ErrorReportValve.invoke(ErrorReportValve.java:103)
	at org.apache.catalina.core.StandardEngineValve.invoke(StandardEngineValve.java:109)
	at org.apache.catalina.connector.CoyoteAdapter.service(CoyoteAdapter.java:293)
	at org.apache.coyote.http11.Http11Processor.process(Http11Processor.java:861)
	at org.apache.coyote.http11.Http11Protocol$Http11ConnectionHandler.process(Http11Protocol.java:606)
	at org.apache.tomcat.util.net.JIoEndpoint$Worker.run(JIoEndpoint.java:489)
	at java.lang.Thread.run(Thread.java:679)
Dec 17, 2012 12:31:53 PM org.apache.catalina.core.ApplicationContext log
SEVERE: StandardWrapper.Throwable
java.lang.NoClassDefFoundError: org/apache/cxf/jaxrs/client/ServerWebApplicationException
	at java.lang.Class.forName0(Native Method)
	at java.lang.Class.forName(Class.java:186)
	at net.sourceforge.guacamole.net.basic.GuacamoleClassLoader.findClass(GuacamoleClassLoader.java:142)
	at java.lang.ClassLoader.loadClass(ClassLoader.java:321)
	at java.lang.ClassLoader.loadClass(ClassLoader.java:266)
	at net.sourceforge.guacamole.net.basic.properties.AuthenticationProviderProperty.parseValue(AuthenticationProviderProperty.java:45)
	at net.sourceforge.guacamole.net.basic.properties.AuthenticationProviderProperty.parseValue(AuthenticationProviderProperty.java:33)
	at net.sourceforge.guacamole.properties.GuacamoleProperties.getProperty(GuacamoleProperties.java:118)
	at net.sourceforge.guacamole.properties.GuacamoleProperties.getRequiredProperty(GuacamoleProperties.java:139)
	at net.sourceforge.guacamole.net.basic.AuthenticatingHttpServlet.init(AuthenticatingHttpServlet.java:84)
	at javax.servlet.GenericServlet.init(GenericServlet.java:212)
	at org.apache.catalina.core.StandardWrapper.loadServlet(StandardWrapper.java:1206)
	at org.apache.catalina.core.StandardWrapper.allocate(StandardWrapper.java:827)
	at org.apache.catalina.core.StandardWrapperValve.invoke(StandardWrapperValve.java:129)
	at org.apache.catalina.core.StandardContextValve.invoke(StandardContextValve.java:191)
	at org.apache.catalina.core.StandardHostValve.invoke(StandardHostValve.java:127)
	at org.apache.catalina.valves.ErrorReportValve.invoke(ErrorReportValve.java:103)
	at org.apache.catalina.core.StandardEngineValve.invoke(StandardEngineValve.java:109)
	at org.apache.catalina.connector.CoyoteAdapter.service(CoyoteAdapter.java:293)
	at org.apache.coyote.http11.Http11Processor.process(Http11Processor.java:861)
	at org.apache.coyote.http11.Http11Protocol$Http11ConnectionHandler.process(Http11Protocol.java:606)
	at org.apache.tomcat.util.net.JIoEndpoint$Worker.run(JIoEndpoint.java:489)
	at java.lang.Thread.run(Thread.java:679)
Caused by: java.lang.ClassNotFoundException: org.apache.cxf.jaxrs.client.ServerWebApplicationException
	at org.apache.catalina.loader.WebappClassLoader.loadClass(WebappClassLoader.java:1680)
	at org.apache.catalina.loader.WebappClassLoader.loadClass(WebappClassLoader.java:1526)
	... 23 more
Dec 17, 2012 12:31:53 PM org.apache.catalina.core.StandardWrapperValve invoke
SEVERE: Allocate exception for servlet Login
java.lang.ClassNotFoundException: org.apache.cxf.jaxrs.client.ServerWebApplicationException
	at org.apache.catalina.loader.WebappClassLoader.loadClass(WebappClassLoader.java:1680)
	at org.apache.catalina.loader.WebappClassLoader.loadClass(WebappClassLoader.java:1526)
	at java.lang.Class.forName0(Native Method)
	at java.lang.Class.forName(Class.java:186)
	at net.sourceforge.guacamole.net.basic.GuacamoleClassLoader.findClass(GuacamoleClassLoader.java:142)
	at java.lang.ClassLoader.loadClass(ClassLoader.java:321)
	at java.lang.ClassLoader.loadClass(ClassLoader.java:266)
	at net.sourceforge.guacamole.net.basic.properties.AuthenticationProviderProperty.parseValue(AuthenticationProviderProperty.java:45)
	at net.sourceforge.guacamole.net.basic.properties.AuthenticationProviderProperty.parseValue(AuthenticationProviderProperty.java:33)
	at net.sourceforge.guacamole.properties.GuacamoleProperties.getProperty(GuacamoleProperties.java:118)
	at net.sourceforge.guacamole.properties.GuacamoleProperties.getRequiredProperty(GuacamoleProperties.java:139)
	at net.sourceforge.guacamole.net.basic.AuthenticatingHttpServlet.init(AuthenticatingHttpServlet.java:84)
	at javax.servlet.GenericServlet.init(GenericServlet.java:212)
	at org.apache.catalina.core.StandardWrapper.loadServlet(StandardWrapper.java:1206)
	at org.apache.catalina.core.StandardWrapper.allocate(StandardWrapper.java:827)
	at org.apache.catalina.core.StandardWrapperValve.invoke(StandardWrapperValve.java:129)
	at org.apache.catalina.core.StandardContextValve.invoke(StandardContextValve.java:191)
	at org.apache.catalina.core.StandardHostValve.invoke(StandardHostValve.java:127)
	at org.apache.catalina.valves.ErrorReportValve.invoke(ErrorReportValve.java:103)
	at org.apache.catalina.core.StandardEngineValve.invoke(StandardEngineValve.java:109)
	at org.apache.catalina.connector.CoyoteAdapter.service(CoyoteAdapter.java:293)
	at org.apache.coyote.http11.Http11Processor.process(Http11Processor.java:861)
	at org.apache.coyote.http11.Http11Protocol$Http11ConnectionHandler.process(Http11Protocol.java:606)
	at org.apache.tomcat.util.net.JIoEndpoint$Worker.run(JIoEndpoint.java:489)
	at java.lang.Thread.run(Thread.java:679)
Dec 17, 2012 12:32:03 PM org.apache.catalina.core.ApplicationContext log
SEVERE: StandardWrapper.Throwable
java.lang.NoClassDefFoundError: org/apache/cxf/jaxrs/client/ServerWebApplicationException
	at java.lang.Class.forName0(Native Method)
	at java.lang.Class.forName(Class.java:186)
	at net.sourceforge.guacamole.net.basic.GuacamoleClassLoader.findClass(GuacamoleClassLoader.java:142)
	at java.lang.ClassLoader.loadClass(ClassLoader.java:321)
	at java.lang.ClassLoader.loadClass(ClassLoader.java:266)
	at net.sourceforge.guacamole.net.basic.properties.AuthenticationProviderProperty.parseValue(AuthenticationProviderProperty.java:45)
	at net.sourceforge.guacamole.net.basic.properties.AuthenticationProviderProperty.parseValue(AuthenticationProviderProperty.java:33)
	at net.sourceforge.guacamole.properties.GuacamoleProperties.getProperty(GuacamoleProperties.java:118)
	at net.sourceforge.guacamole.properties.GuacamoleProperties.getRequiredProperty(GuacamoleProperties.java:139)
	at net.sourceforge.guacamole.net.basic.AuthenticatingHttpServlet.init(AuthenticatingHttpServlet.java:84)
	at javax.servlet.GenericServlet.init(GenericServlet.java:212)
	at org.apache.catalina.core.StandardWrapper.loadServlet(StandardWrapper.java:1206)
	at org.apache.catalina.core.StandardWrapper.allocate(StandardWrapper.java:827)
	at org.apache.catalina.core.StandardWrapperValve.invoke(StandardWrapperValve.java:129)
	at org.apache.catalina.core.StandardContextValve.invoke(StandardContextValve.java:191)
	at org.apache.catalina.core.StandardHostValve.invoke(StandardHostValve.java:127)
	at org.apache.catalina.valves.ErrorReportValve.invoke(ErrorReportValve.java:103)
	at org.apache.catalina.core.StandardEngineValve.invoke(StandardEngineValve.java:109)
	at org.apache.catalina.connector.CoyoteAdapter.service(CoyoteAdapter.java:293)
	at org.apache.coyote.http11.Http11Processor.process(Http11Processor.java:861)
	at org.apache.coyote.http11.Http11Protocol$Http11ConnectionHandler.process(Http11Protocol.java:606)
	at org.apache.tomcat.util.net.JIoEndpoint$Worker.run(JIoEndpoint.java:489)
	at java.lang.Thread.run(Thread.java:679)
Caused by: java.lang.ClassNotFoundException: org.apache.cxf.jaxrs.client.ServerWebApplicationException
	at org.apache.catalina.loader.WebappClassLoader.loadClass(WebappClassLoader.java:1680)
	at org.apache.catalina.loader.WebappClassLoader.loadClass(WebappClassLoader.java:1526)
	... 23 more
Dec 17, 2012 12:32:03 PM org.apache.catalina.core.StandardWrapperValve invoke
SEVERE: Allocate exception for servlet Login
java.lang.ClassNotFoundException: org.apache.cxf.jaxrs.client.ServerWebApplicationException
	at org.apache.catalina.loader.WebappClassLoader.loadClass(WebappClassLoader.java:1680)
	at org.apache.catalina.loader.WebappClassLoader.loadClass(WebappClassLoader.java:1526)
	at java.lang.Class.forName0(Native Method)
	at java.lang.Class.forName(Class.java:186)
	at net.sourceforge.guacamole.net.basic.GuacamoleClassLoader.findClass(GuacamoleClassLoader.java:142)
	at java.lang.ClassLoader.loadClass(ClassLoader.java:321)
	at java.lang.ClassLoader.loadClass(ClassLoader.java:266)
	at net.sourceforge.guacamole.net.basic.properties.AuthenticationProviderProperty.parseValue(AuthenticationProviderProperty.java:45)
	at net.sourceforge.guacamole.net.basic.properties.AuthenticationProviderProperty.parseValue(AuthenticationProviderProperty.java:33)
	at net.sourceforge.guacamole.properties.GuacamoleProperties.getProperty(GuacamoleProperties.java:118)
	at net.sourceforge.guacamole.properties.GuacamoleProperties.getRequiredProperty(GuacamoleProperties.java:139)
	at net.sourceforge.guacamole.net.basic.AuthenticatingHttpServlet.init(AuthenticatingHttpServlet.java:84)
	at javax.servlet.GenericServlet.init(GenericServlet.java:212)
	at org.apache.catalina.core.StandardWrapper.loadServlet(StandardWrapper.java:1206)
	at org.apache.catalina.core.StandardWrapper.allocate(StandardWrapper.java:827)
	at org.apache.catalina.core.StandardWrapperValve.invoke(StandardWrapperValve.java:129)
	at org.apache.catalina.core.StandardContextValve.invoke(StandardContextValve.java:191)
	at org.apache.catalina.core.StandardHostValve.invoke(StandardHostValve.java:127)
	at org.apache.catalina.valves.ErrorReportValve.invoke(ErrorReportValve.java:103)
	at org.apache.catalina.core.StandardEngineValve.invoke(StandardEngineValve.java:109)
	at org.apache.catalina.connector.CoyoteAdapter.service(CoyoteAdapter.java:293)
	at org.apache.coyote.http11.Http11Processor.process(Http11Processor.java:861)
	at org.apache.coyote.http11.Http11Protocol$Http11ConnectionHandler.process(Http11Protocol.java:606)
	at org.apache.tomcat.util.net.JIoEndpoint$Worker.run(JIoEndpoint.java:489)
	at java.lang.Thread.run(Thread.java:679)
Dec 17, 2012 12:34:34 PM org.apache.catalina.core.ApplicationContext log
INFO: SessionListener: contextDestroyed()
Dec 17, 2012 12:34:34 PM org.apache.catalina.core.ApplicationContext log
INFO: ContextListener: contextDestroyed()
Dec 17, 2012 12:34:41 PM org.apache.catalina.core.ApplicationContext log
INFO: ContextListener: contextInitialized()
Dec 17, 2012 12:34:41 PM org.apache.catalina.core.ApplicationContext log
INFO: SessionListener: contextInitialized()
Dec 17, 2012 12:37:54 PM org.apache.catalina.core.ApplicationContext log
INFO: SessionListener: contextDestroyed()
Dec 17, 2012 12:37:54 PM org.apache.catalina.core.ApplicationContext log
INFO: ContextListener: contextDestroyed()
