Dec 18, 2012 3:45:37 PM org.apache.catalina.core.ApplicationContext log
INFO: ContextListener: contextInitialized()
Dec 18, 2012 3:45:37 PM org.apache.catalina.core.ApplicationContext log
INFO: SessionListener: contextInitialized()
Dec 18, 2012 4:06:04 PM org.apache.catalina.core.StandardWrapperValve invoke
SEVERE: Servlet.service() for servlet Tunnel threw exception
java.lang.NumberFormatException: For input string: "NaN"
	at java.lang.NumberFormatException.forInputString(NumberFormatException.java:65)
	at java.lang.Integer.parseInt(Integer.java:481)
	at java.lang.Integer.parseInt(Integer.java:514)
	at net.sourceforge.guacamole.net.basic.BasicGuacamoleTunnelServlet$1.doConnect(BasicGuacamoleTunnelServlet.java:194)
	at net.sourceforge.guacamole.servlet.GuacamoleHTTPTunnelServlet.handleTunnelRequest(GuacamoleHTTPTunnelServlet.java:149)
	at net.sourceforge.guacamole.servlet.GuacamoleHTTPTunnelServlet.doPost(GuacamoleHTTPTunnelServlet.java:94)
	at javax.servlet.http.HttpServlet.service(HttpServlet.java:637)
	at javax.servlet.http.HttpServlet.service(HttpServlet.java:717)
	at net.sourceforge.guacamole.net.basic.BasicGuacamoleTunnelServlet.authenticatedService(BasicGuacamoleTunnelServlet.java:65)
	at net.sourceforge.guacamole.net.basic.AuthenticatingHttpServlet.service(AuthenticatingHttpServlet.java:283)
	at javax.servlet.http.HttpServlet.service(HttpServlet.java:717)
	at org.apache.catalina.core.ApplicationFilterChain.internalDoFilter(ApplicationFilterChain.java:290)
	at org.apache.catalina.core.ApplicationFilterChain.doFilter(ApplicationFilterChain.java:206)
	at org.apache.catalina.core.StandardWrapperValve.invoke(StandardWrapperValve.java:233)
	at org.apache.catalina.core.StandardContextValve.invoke(StandardContextValve.java:191)
	at org.apache.catalina.core.StandardHostValve.invoke(StandardHostValve.java:127)
	at org.apache.catalina.valves.ErrorReportValve.invoke(ErrorReportValve.java:103)
	at org.apache.catalina.core.StandardEngineValve.invoke(StandardEngineValve.java:109)
	at org.apache.catalina.connector.CoyoteAdapter.service(CoyoteAdapter.java:293)
	at org.apache.coyote.http11.Http11Processor.process(Http11Processor.java:861)
	at org.apache.coyote.http11.Http11Protocol$Http11ConnectionHandler.process(Http11Protocol.java:606)
	at org.apache.tomcat.util.net.JIoEndpoint$Worker.run(JIoEndpoint.java:489)
	at java.lang.Thread.run(Thread.java:679)
Dec 18, 2012 4:06:36 PM org.apache.catalina.core.StandardWrapperValve invoke
SEVERE: Servlet.service() for servlet Tunnel threw exception
java.lang.NumberFormatException: For input string: "NaN"
	at java.lang.NumberFormatException.forInputString(NumberFormatException.java:65)
	at java.lang.Integer.parseInt(Integer.java:481)
	at java.lang.Integer.parseInt(Integer.java:514)
	at net.sourceforge.guacamole.net.basic.BasicGuacamoleTunnelServlet$1.doConnect(BasicGuacamoleTunnelServlet.java:194)
	at net.sourceforge.guacamole.servlet.GuacamoleHTTPTunnelServlet.handleTunnelRequest(GuacamoleHTTPTunnelServlet.java:149)
	at net.sourceforge.guacamole.servlet.GuacamoleHTTPTunnelServlet.doPost(GuacamoleHTTPTunnelServlet.java:94)
	at javax.servlet.http.HttpServlet.service(HttpServlet.java:637)
	at javax.servlet.http.HttpServlet.service(HttpServlet.java:717)
	at net.sourceforge.guacamole.net.basic.BasicGuacamoleTunnelServlet.authenticatedService(BasicGuacamoleTunnelServlet.java:65)
	at net.sourceforge.guacamole.net.basic.AuthenticatingHttpServlet.service(AuthenticatingHttpServlet.java:283)
	at javax.servlet.http.HttpServlet.service(HttpServlet.java:717)
	at org.apache.catalina.core.ApplicationFilterChain.internalDoFilter(ApplicationFilterChain.java:290)
	at org.apache.catalina.core.ApplicationFilterChain.doFilter(ApplicationFilterChain.java:206)
	at org.apache.catalina.core.StandardWrapperValve.invoke(StandardWrapperValve.java:233)
	at org.apache.catalina.core.StandardContextValve.invoke(StandardContextValve.java:191)
	at org.apache.catalina.core.StandardHostValve.invoke(StandardHostValve.java:127)
	at org.apache.catalina.valves.ErrorReportValve.invoke(ErrorReportValve.java:103)
	at org.apache.catalina.core.StandardEngineValve.invoke(StandardEngineValve.java:109)
	at org.apache.catalina.connector.CoyoteAdapter.service(CoyoteAdapter.java:293)
	at org.apache.coyote.http11.Http11Processor.process(Http11Processor.java:861)
	at org.apache.coyote.http11.Http11Protocol$Http11ConnectionHandler.process(Http11Protocol.java:606)
	at org.apache.tomcat.util.net.JIoEndpoint$Worker.run(JIoEndpoint.java:489)
	at java.lang.Thread.run(Thread.java:679)
Dec 18, 2012 4:07:14 PM org.apache.catalina.core.StandardWrapperValve invoke
SEVERE: Servlet.service() for servlet Tunnel threw exception
java.lang.NumberFormatException: For input string: "NaN"
	at java.lang.NumberFormatException.forInputString(NumberFormatException.java:65)
	at java.lang.Integer.parseInt(Integer.java:481)
	at java.lang.Integer.parseInt(Integer.java:514)
	at net.sourceforge.guacamole.net.basic.BasicGuacamoleTunnelServlet$1.doConnect(BasicGuacamoleTunnelServlet.java:194)
	at net.sourceforge.guacamole.servlet.GuacamoleHTTPTunnelServlet.handleTunnelRequest(GuacamoleHTTPTunnelServlet.java:149)
	at net.sourceforge.guacamole.servlet.GuacamoleHTTPTunnelServlet.doPost(GuacamoleHTTPTunnelServlet.java:94)
	at javax.servlet.http.HttpServlet.service(HttpServlet.java:637)
	at javax.servlet.http.HttpServlet.service(HttpServlet.java:717)
	at net.sourceforge.guacamole.net.basic.BasicGuacamoleTunnelServlet.authenticatedService(BasicGuacamoleTunnelServlet.java:65)
	at net.sourceforge.guacamole.net.basic.AuthenticatingHttpServlet.service(AuthenticatingHttpServlet.java:283)
	at javax.servlet.http.HttpServlet.service(HttpServlet.java:717)
	at org.apache.catalina.core.ApplicationFilterChain.internalDoFilter(ApplicationFilterChain.java:290)
	at org.apache.catalina.core.ApplicationFilterChain.doFilter(ApplicationFilterChain.java:206)
	at org.apache.catalina.core.StandardWrapperValve.invoke(StandardWrapperValve.java:233)
	at org.apache.catalina.core.StandardContextValve.invoke(StandardContextValve.java:191)
	at org.apache.catalina.core.StandardHostValve.invoke(StandardHostValve.java:127)
	at org.apache.catalina.valves.ErrorReportValve.invoke(ErrorReportValve.java:103)
	at org.apache.catalina.core.StandardEngineValve.invoke(StandardEngineValve.java:109)
	at org.apache.catalina.connector.CoyoteAdapter.service(CoyoteAdapter.java:293)
	at org.apache.coyote.http11.Http11Processor.process(Http11Processor.java:861)
	at org.apache.coyote.http11.Http11Protocol$Http11ConnectionHandler.process(Http11Protocol.java:606)
	at org.apache.tomcat.util.net.JIoEndpoint$Worker.run(JIoEndpoint.java:489)
	at java.lang.Thread.run(Thread.java:679)
Dec 18, 2012 4:09:20 PM org.apache.catalina.core.StandardWrapperValve invoke
SEVERE: Servlet.service() for servlet Tunnel threw exception
java.lang.NumberFormatException: For input string: "NaN"
	at java.lang.NumberFormatException.forInputString(NumberFormatException.java:65)
	at java.lang.Integer.parseInt(Integer.java:481)
	at java.lang.Integer.parseInt(Integer.java:514)
	at net.sourceforge.guacamole.net.basic.BasicGuacamoleTunnelServlet$1.doConnect(BasicGuacamoleTunnelServlet.java:194)
	at net.sourceforge.guacamole.servlet.GuacamoleHTTPTunnelServlet.handleTunnelRequest(GuacamoleHTTPTunnelServlet.java:149)
	at net.sourceforge.guacamole.servlet.GuacamoleHTTPTunnelServlet.doPost(GuacamoleHTTPTunnelServlet.java:94)
	at javax.servlet.http.HttpServlet.service(HttpServlet.java:637)
	at javax.servlet.http.HttpServlet.service(HttpServlet.java:717)
	at net.sourceforge.guacamole.net.basic.BasicGuacamoleTunnelServlet.authenticatedService(BasicGuacamoleTunnelServlet.java:65)
	at net.sourceforge.guacamole.net.basic.AuthenticatingHttpServlet.service(AuthenticatingHttpServlet.java:283)
	at javax.servlet.http.HttpServlet.service(HttpServlet.java:717)
	at org.apache.catalina.core.ApplicationFilterChain.internalDoFilter(ApplicationFilterChain.java:290)
	at org.apache.catalina.core.ApplicationFilterChain.doFilter(ApplicationFilterChain.java:206)
	at org.apache.catalina.core.StandardWrapperValve.invoke(StandardWrapperValve.java:233)
	at org.apache.catalina.core.StandardContextValve.invoke(StandardContextValve.java:191)
	at org.apache.catalina.core.StandardHostValve.invoke(StandardHostValve.java:127)
	at org.apache.catalina.valves.ErrorReportValve.invoke(ErrorReportValve.java:103)
	at org.apache.catalina.core.StandardEngineValve.invoke(StandardEngineValve.java:109)
	at org.apache.catalina.connector.CoyoteAdapter.service(CoyoteAdapter.java:293)
	at org.apache.coyote.http11.Http11Processor.process(Http11Processor.java:861)
	at org.apache.coyote.http11.Http11Protocol$Http11ConnectionHandler.process(Http11Protocol.java:606)
	at org.apache.tomcat.util.net.JIoEndpoint$Worker.run(JIoEndpoint.java:489)
	at java.lang.Thread.run(Thread.java:679)
Dec 18, 2012 4:12:11 PM org.apache.catalina.core.ApplicationContext log
INFO: SessionListener: contextDestroyed()
Dec 18, 2012 4:12:11 PM org.apache.catalina.core.ApplicationContext log
INFO: ContextListener: contextDestroyed()
Dec 18, 2012 4:12:16 PM org.apache.catalina.core.ApplicationContext log
INFO: ContextListener: contextInitialized()
Dec 18, 2012 4:12:16 PM org.apache.catalina.core.ApplicationContext log
INFO: SessionListener: contextInitialized()
Dec 18, 2012 4:12:50 PM org.apache.catalina.core.StandardWrapperValve invoke
SEVERE: Servlet.service() for servlet Tunnel threw exception
java.lang.NumberFormatException: For input string: "NaN"
	at java.lang.NumberFormatException.forInputString(NumberFormatException.java:65)
	at java.lang.Integer.parseInt(Integer.java:481)
	at java.lang.Integer.parseInt(Integer.java:514)
	at net.sourceforge.guacamole.net.basic.BasicGuacamoleTunnelServlet$1.doConnect(BasicGuacamoleTunnelServlet.java:194)
	at net.sourceforge.guacamole.servlet.GuacamoleHTTPTunnelServlet.handleTunnelRequest(GuacamoleHTTPTunnelServlet.java:149)
	at net.sourceforge.guacamole.servlet.GuacamoleHTTPTunnelServlet.doPost(GuacamoleHTTPTunnelServlet.java:94)
	at javax.servlet.http.HttpServlet.service(HttpServlet.java:637)
	at javax.servlet.http.HttpServlet.service(HttpServlet.java:717)
	at net.sourceforge.guacamole.net.basic.BasicGuacamoleTunnelServlet.authenticatedService(BasicGuacamoleTunnelServlet.java:65)
	at net.sourceforge.guacamole.net.basic.AuthenticatingHttpServlet.service(AuthenticatingHttpServlet.java:283)
	at javax.servlet.http.HttpServlet.service(HttpServlet.java:717)
	at org.apache.catalina.core.ApplicationFilterChain.internalDoFilter(ApplicationFilterChain.java:290)
	at org.apache.catalina.core.ApplicationFilterChain.doFilter(ApplicationFilterChain.java:206)
	at org.apache.catalina.core.StandardWrapperValve.invoke(StandardWrapperValve.java:233)
	at org.apache.catalina.core.StandardContextValve.invoke(StandardContextValve.java:191)
	at org.apache.catalina.core.StandardHostValve.invoke(StandardHostValve.java:127)
	at org.apache.catalina.valves.ErrorReportValve.invoke(ErrorReportValve.java:103)
	at org.apache.catalina.core.StandardEngineValve.invoke(StandardEngineValve.java:109)
	at org.apache.catalina.connector.CoyoteAdapter.service(CoyoteAdapter.java:293)
	at org.apache.coyote.http11.Http11Processor.process(Http11Processor.java:861)
	at org.apache.coyote.http11.Http11Protocol$Http11ConnectionHandler.process(Http11Protocol.java:606)
	at org.apache.tomcat.util.net.JIoEndpoint$Worker.run(JIoEndpoint.java:489)
	at java.lang.Thread.run(Thread.java:679)
Dec 18, 2012 4:41:14 PM org.apache.catalina.core.StandardWrapperValve invoke
SEVERE: Servlet.service() for servlet Tunnel threw exception
java.lang.NumberFormatException: For input string: "NaN"
	at java.lang.NumberFormatException.forInputString(NumberFormatException.java:65)
	at java.lang.Integer.parseInt(Integer.java:481)
	at java.lang.Integer.parseInt(Integer.java:514)
	at net.sourceforge.guacamole.net.basic.BasicGuacamoleTunnelServlet$1.doConnect(BasicGuacamoleTunnelServlet.java:194)
	at net.sourceforge.guacamole.servlet.GuacamoleHTTPTunnelServlet.handleTunnelRequest(GuacamoleHTTPTunnelServlet.java:149)
	at net.sourceforge.guacamole.servlet.GuacamoleHTTPTunnelServlet.doPost(GuacamoleHTTPTunnelServlet.java:94)
	at javax.servlet.http.HttpServlet.service(HttpServlet.java:637)
	at javax.servlet.http.HttpServlet.service(HttpServlet.java:717)
	at net.sourceforge.guacamole.net.basic.BasicGuacamoleTunnelServlet.authenticatedService(BasicGuacamoleTunnelServlet.java:65)
	at net.sourceforge.guacamole.net.basic.AuthenticatingHttpServlet.service(AuthenticatingHttpServlet.java:283)
	at javax.servlet.http.HttpServlet.service(HttpServlet.java:717)
	at org.apache.catalina.core.ApplicationFilterChain.internalDoFilter(ApplicationFilterChain.java:290)
	at org.apache.catalina.core.ApplicationFilterChain.doFilter(ApplicationFilterChain.java:206)
	at org.apache.catalina.core.StandardWrapperValve.invoke(StandardWrapperValve.java:233)
	at org.apache.catalina.core.StandardContextValve.invoke(StandardContextValve.java:191)
	at org.apache.catalina.core.StandardHostValve.invoke(StandardHostValve.java:127)
	at org.apache.catalina.valves.ErrorReportValve.invoke(ErrorReportValve.java:103)
	at org.apache.catalina.core.StandardEngineValve.invoke(StandardEngineValve.java:109)
	at org.apache.catalina.connector.CoyoteAdapter.service(CoyoteAdapter.java:293)
	at org.apache.coyote.http11.Http11Processor.process(Http11Processor.java:861)
	at org.apache.coyote.http11.Http11Protocol$Http11ConnectionHandler.process(Http11Protocol.java:606)
	at org.apache.tomcat.util.net.JIoEndpoint$Worker.run(JIoEndpoint.java:489)
	at java.lang.Thread.run(Thread.java:679)
Dec 18, 2012 4:41:50 PM org.apache.catalina.core.StandardWrapperValve invoke
SEVERE: Servlet.service() for servlet Tunnel threw exception
java.lang.NumberFormatException: For input string: "NaN"
	at java.lang.NumberFormatException.forInputString(NumberFormatException.java:65)
	at java.lang.Integer.parseInt(Integer.java:481)
	at java.lang.Integer.parseInt(Integer.java:514)
	at net.sourceforge.guacamole.net.basic.BasicGuacamoleTunnelServlet$1.doConnect(BasicGuacamoleTunnelServlet.java:194)
	at net.sourceforge.guacamole.servlet.GuacamoleHTTPTunnelServlet.handleTunnelRequest(GuacamoleHTTPTunnelServlet.java:149)
	at net.sourceforge.guacamole.servlet.GuacamoleHTTPTunnelServlet.doPost(GuacamoleHTTPTunnelServlet.java:94)
	at javax.servlet.http.HttpServlet.service(HttpServlet.java:637)
	at javax.servlet.http.HttpServlet.service(HttpServlet.java:717)
	at net.sourceforge.guacamole.net.basic.BasicGuacamoleTunnelServlet.authenticatedService(BasicGuacamoleTunnelServlet.java:65)
	at net.sourceforge.guacamole.net.basic.AuthenticatingHttpServlet.service(AuthenticatingHttpServlet.java:283)
	at javax.servlet.http.HttpServlet.service(HttpServlet.java:717)
	at org.apache.catalina.core.ApplicationFilterChain.internalDoFilter(ApplicationFilterChain.java:290)
	at org.apache.catalina.core.ApplicationFilterChain.doFilter(ApplicationFilterChain.java:206)
	at org.apache.catalina.core.StandardWrapperValve.invoke(StandardWrapperValve.java:233)
	at org.apache.catalina.core.StandardContextValve.invoke(StandardContextValve.java:191)
	at org.apache.catalina.core.StandardHostValve.invoke(StandardHostValve.java:127)
	at org.apache.catalina.valves.ErrorReportValve.invoke(ErrorReportValve.java:103)
	at org.apache.catalina.core.StandardEngineValve.invoke(StandardEngineValve.java:109)
	at org.apache.catalina.connector.CoyoteAdapter.service(CoyoteAdapter.java:293)
	at org.apache.coyote.http11.Http11Processor.process(Http11Processor.java:861)
	at org.apache.coyote.http11.Http11Protocol$Http11ConnectionHandler.process(Http11Protocol.java:606)
	at org.apache.tomcat.util.net.JIoEndpoint$Worker.run(JIoEndpoint.java:489)
	at java.lang.Thread.run(Thread.java:679)
